"C:/Users/linki/Documents/UNIVERSIDAD/10mo semestre/Aplicaciones 3d/2do Corte/Juego Ballena/BallenaNueva/Content/WaterPlane/Environment/Textures/T_RockMesh_N.uasset" 0
"C:/Users/linki/Documents/UNIVERSIDAD/10mo semestre/Aplicaciones 3d/2do Corte/Juego Ballena/BallenaNueva/Content/WaterPlane/Environment/Textures/T_RockMesh_N.uexp" 1
"C:/Users/linki/Documents/UNIVERSIDAD/10mo semestre/Aplicaciones 3d/2do Corte/Juego Ballena/BallenaNueva/Content/WaterPlane/Environment/Textures/T_RockMesh_N.ubulk" 2
"C:/Users/linki/Documents/UNIVERSIDAD/10mo semestre/Aplicaciones 3d/2do Corte/Juego Ballena/BallenaNueva/Content/WaterPlane/Environment/Textures/T_RockMesh_M.uasset" 3
"C:/Users/linki/Documents/UNIVERSIDAD/10mo semestre/Aplicaciones 3d/2do Corte/Juego Ballena/BallenaNueva/Content/WaterPlane/Environment/Textures/T_RockMesh_M.uexp" 4
"C:/Users/linki/Documents/UNIVERSIDAD/10mo semestre/Aplicaciones 3d/2do Corte/Juego Ballena/BallenaNueva/Content/WaterPlane/Environment/Textures/T_RockMesh_M.ubulk" 5
"C:/Users/linki/Documents/UNIVERSIDAD/10mo semestre/Aplicaciones 3d/2do Corte/Juego Ballena/BallenaNueva/Content/WaterPlane/Environment/Textures/T_Detail_Rocky_N.uasset" 6
"C:/Users/linki/Documents/UNIVERSIDAD/10mo semestre/Aplicaciones 3d/2do Corte/Juego Ballena/BallenaNueva/Content/WaterPlane/Environment/Textures/T_Detail_Rocky_N.uexp" 7
"C:/Users/linki/Documents/UNIVERSIDAD/10mo semestre/Aplicaciones 3d/2do Corte/Juego Ballena/BallenaNueva/Content/WaterPlane/Environment/Textures/T_Detail_Rocky_N.ubulk" 8
"C:/Users/linki/Documents/UNIVERSIDAD/10mo semestre/Aplicaciones 3d/2do Corte/Juego Ballena/BallenaNueva/Content/WaterPlane/Environment/Textures/T_Rock_Basalt_D.uasset" 9
"C:/Users/linki/Documents/UNIVERSIDAD/10mo semestre/Aplicaciones 3d/2do Corte/Juego Ballena/BallenaNueva/Content/WaterPlane/Environment/Textures/T_Rock_Basalt_D.uexp" 10
"C:/Users/linki/Documents/UNIVERSIDAD/10mo semestre/Aplicaciones 3d/2do Corte/Juego Ballena/BallenaNueva/Content/WaterPlane/Environment/Textures/T_Rock_Basalt_D.ubulk" 11
"../../../Engine/Content/Functions/Engine_MaterialFunctions02/Utility/BlendAngleCorrectedNormals.uasset" 12
"../../../Engine/Content/Functions/Engine_MaterialFunctions02/Utility/BlendAngleCorrectedNormals.uexp" 13
"C:/Users/linki/Documents/UNIVERSIDAD/10mo semestre/Aplicaciones 3d/2do Corte/Juego Ballena/BallenaNueva/Content/WaterPlane/Environment/Props/Materials/M_Rock.uasset" 14
"C:/Users/linki/Documents/UNIVERSIDAD/10mo semestre/Aplicaciones 3d/2do Corte/Juego Ballena/BallenaNueva/Content/WaterPlane/Environment/Props/Materials/M_Rock.uexp" 15
"C:/Users/linki/Documents/UNIVERSIDAD/10mo semestre/Aplicaciones 3d/2do Corte/Juego Ballena/BallenaNueva/Content/WaterPlane/Environment/Props/SM_Rock.uasset" 16
"C:/Users/linki/Documents/UNIVERSIDAD/10mo semestre/Aplicaciones 3d/2do Corte/Juego Ballena/BallenaNueva/Content/WaterPlane/Environment/Props/SM_Rock.uexp" 17
"C:/Users/linki/Documents/UNIVERSIDAD/10mo semestre/Aplicaciones 3d/2do Corte/Juego Ballena/BallenaNueva/Content/ThirdPersonBP/Blueprints/Jorobada/rig_jorobadaJorobadaRIG_Skeleton.uasset" 18
"C:/Users/linki/Documents/UNIVERSIDAD/10mo semestre/Aplicaciones 3d/2do Corte/Juego Ballena/BallenaNueva/Content/ThirdPersonBP/Blueprints/Jorobada/rig_jorobadaJorobadaRIG_Skeleton.uexp" 19
"../../../Engine/Content/Animation/DefaultAnimCurveCompressionSettings.uasset" 20
"../../../Engine/Content/Animation/DefaultAnimCurveCompressionSettings.uexp" 21
"../../../Engine/Content/Animation/DefaultAnimBoneCompressionSettings.uasset" 22
"../../../Engine/Content/Animation/DefaultAnimBoneCompressionSettings.uexp" 23
"C:/Users/linki/Documents/UNIVERSIDAD/10mo semestre/Aplicaciones 3d/2do Corte/Juego Ballena/BallenaNueva/Content/ThirdPersonBP/Blueprints/Jorobada/rig_jorobadaJorobadaRIG_Anim.uasset" 24
"C:/Users/linki/Documents/UNIVERSIDAD/10mo semestre/Aplicaciones 3d/2do Corte/Juego Ballena/BallenaNueva/Content/ThirdPersonBP/Blueprints/Jorobada/rig_jorobadaJorobadaRIG_Anim.uexp" 25
"C:/Users/linki/Documents/UNIVERSIDAD/10mo semestre/Aplicaciones 3d/2do Corte/Juego Ballena/BallenaNueva/Content/ThirdPersonBP/Blueprints/Jorobada/rig_jorobadaJorobadaRIG_PhysicsAsset.uasset" 26
"C:/Users/linki/Documents/UNIVERSIDAD/10mo semestre/Aplicaciones 3d/2do Corte/Juego Ballena/BallenaNueva/Content/ThirdPersonBP/Blueprints/Jorobada/rig_jorobadaJorobadaRIG_PhysicsAsset.uexp" 27
"C:/Users/linki/Documents/UNIVERSIDAD/10mo semestre/Aplicaciones 3d/2do Corte/Juego Ballena/BallenaNueva/Content/ThirdPersonBP/Blueprints/Jorobada/lambert1.uasset" 28
"C:/Users/linki/Documents/UNIVERSIDAD/10mo semestre/Aplicaciones 3d/2do Corte/Juego Ballena/BallenaNueva/Content/ThirdPersonBP/Blueprints/Jorobada/lambert1.uexp" 29
"C:/Users/linki/Documents/UNIVERSIDAD/10mo semestre/Aplicaciones 3d/2do Corte/Juego Ballena/BallenaNueva/Content/ThirdPersonBP/Blueprints/Jorobada/rig_jorobadaJorobadaRIG.uasset" 30
"C:/Users/linki/Documents/UNIVERSIDAD/10mo semestre/Aplicaciones 3d/2do Corte/Juego Ballena/BallenaNueva/Content/ThirdPersonBP/Blueprints/Jorobada/rig_jorobadaJorobadaRIG.uexp" 31
"C:/Users/linki/Documents/UNIVERSIDAD/10mo semestre/Aplicaciones 3d/2do Corte/Juego Ballena/BallenaNueva/Content/StarterContent/Textures/T_Smoke_Tiled_D.uasset" 32
"C:/Users/linki/Documents/UNIVERSIDAD/10mo semestre/Aplicaciones 3d/2do Corte/Juego Ballena/BallenaNueva/Content/StarterContent/Textures/T_Smoke_Tiled_D.uexp" 33
"C:/Users/linki/Documents/UNIVERSIDAD/10mo semestre/Aplicaciones 3d/2do Corte/Juego Ballena/BallenaNueva/Content/StarterContent/Textures/T_Smoke_Tiled_D.ubulk" 34
"C:/Users/linki/Documents/UNIVERSIDAD/10mo semestre/Aplicaciones 3d/2do Corte/Juego Ballena/BallenaNueva/Content/StarterContent/Textures/T_Smoke_SubUV.uasset" 35
"C:/Users/linki/Documents/UNIVERSIDAD/10mo semestre/Aplicaciones 3d/2do Corte/Juego Ballena/BallenaNueva/Content/StarterContent/Textures/T_Smoke_SubUV.uexp" 36
"C:/Users/linki/Documents/UNIVERSIDAD/10mo semestre/Aplicaciones 3d/2do Corte/Juego Ballena/BallenaNueva/Content/StarterContent/Textures/T_Smoke_SubUV.ubulk" 37
"C:/Users/linki/Documents/UNIVERSIDAD/10mo semestre/Aplicaciones 3d/2do Corte/Juego Ballena/BallenaNueva/Content/StarterContent/Particles/Materials/M_smoke_subUV.uasset" 38
"C:/Users/linki/Documents/UNIVERSIDAD/10mo semestre/Aplicaciones 3d/2do Corte/Juego Ballena/BallenaNueva/Content/StarterContent/Particles/Materials/M_smoke_subUV.uexp" 39
"../../../Engine/Content/Functions/Engine_MaterialFunctions01/Gradient/RadialGradient.uasset" 40
"../../../Engine/Content/Functions/Engine_MaterialFunctions01/Gradient/RadialGradient.uexp" 41
"C:/Users/linki/Documents/UNIVERSIDAD/10mo semestre/Aplicaciones 3d/2do Corte/Juego Ballena/BallenaNueva/Content/StarterContent/Particles/Materials/M_radial_ramp.uasset" 42
"C:/Users/linki/Documents/UNIVERSIDAD/10mo semestre/Aplicaciones 3d/2do Corte/Juego Ballena/BallenaNueva/Content/StarterContent/Particles/Materials/M_radial_ramp.uexp" 43
"C:/Users/linki/Documents/UNIVERSIDAD/10mo semestre/Aplicaciones 3d/2do Corte/Juego Ballena/BallenaNueva/Content/StarterContent/Particles/Materials/m_flare_01.uasset" 44
"C:/Users/linki/Documents/UNIVERSIDAD/10mo semestre/Aplicaciones 3d/2do Corte/Juego Ballena/BallenaNueva/Content/StarterContent/Particles/Materials/m_flare_01.uexp" 45
"C:/Users/linki/Documents/UNIVERSIDAD/10mo semestre/Aplicaciones 3d/2do Corte/Juego Ballena/BallenaNueva/Content/StarterContent/Textures/T_Explosion_SubUV.uasset" 46
"C:/Users/linki/Documents/UNIVERSIDAD/10mo semestre/Aplicaciones 3d/2do Corte/Juego Ballena/BallenaNueva/Content/StarterContent/Textures/T_Explosion_SubUV.uexp" 47
"C:/Users/linki/Documents/UNIVERSIDAD/10mo semestre/Aplicaciones 3d/2do Corte/Juego Ballena/BallenaNueva/Content/StarterContent/Textures/T_Explosion_SubUV.ubulk" 48
"C:/Users/linki/Documents/UNIVERSIDAD/10mo semestre/Aplicaciones 3d/2do Corte/Juego Ballena/BallenaNueva/Content/StarterContent/Particles/Materials/M_explosion_subUV.uasset" 49
"C:/Users/linki/Documents/UNIVERSIDAD/10mo semestre/Aplicaciones 3d/2do Corte/Juego Ballena/BallenaNueva/Content/StarterContent/Particles/Materials/M_explosion_subUV.uexp" 50
"C:/Users/linki/Documents/UNIVERSIDAD/10mo semestre/Aplicaciones 3d/2do Corte/Juego Ballena/BallenaNueva/Content/StarterContent/Textures/T_Burst_M.uasset" 51
"C:/Users/linki/Documents/UNIVERSIDAD/10mo semestre/Aplicaciones 3d/2do Corte/Juego Ballena/BallenaNueva/Content/StarterContent/Textures/T_Burst_M.uexp" 52
"C:/Users/linki/Documents/UNIVERSIDAD/10mo semestre/Aplicaciones 3d/2do Corte/Juego Ballena/BallenaNueva/Content/StarterContent/Textures/T_Burst_M.ubulk" 53
"C:/Users/linki/Documents/UNIVERSIDAD/10mo semestre/Aplicaciones 3d/2do Corte/Juego Ballena/BallenaNueva/Content/StarterContent/Particles/Materials/M_Burst.uasset" 54
"C:/Users/linki/Documents/UNIVERSIDAD/10mo semestre/Aplicaciones 3d/2do Corte/Juego Ballena/BallenaNueva/Content/StarterContent/Particles/Materials/M_Burst.uexp" 55
"C:/Users/linki/Documents/UNIVERSIDAD/10mo semestre/Aplicaciones 3d/2do Corte/Juego Ballena/BallenaNueva/Content/StarterContent/Particles/P_Explosion.uasset" 56
"C:/Users/linki/Documents/UNIVERSIDAD/10mo semestre/Aplicaciones 3d/2do Corte/Juego Ballena/BallenaNueva/Content/StarterContent/Particles/P_Explosion.uexp" 57
"C:/Users/linki/Documents/UNIVERSIDAD/10mo semestre/Aplicaciones 3d/2do Corte/Juego Ballena/BallenaNueva/Content/StarterContent/Audio/Explosion01.uasset" 58
"C:/Users/linki/Documents/UNIVERSIDAD/10mo semestre/Aplicaciones 3d/2do Corte/Juego Ballena/BallenaNueva/Content/StarterContent/Audio/Explosion01.uexp" 59
"C:/Users/linki/Documents/UNIVERSIDAD/10mo semestre/Aplicaciones 3d/2do Corte/Juego Ballena/BallenaNueva/Content/Runnerfiles/UI/Endgame/RestartButton.uasset" 60
"C:/Users/linki/Documents/UNIVERSIDAD/10mo semestre/Aplicaciones 3d/2do Corte/Juego Ballena/BallenaNueva/Content/Runnerfiles/UI/Endgame/RestartButton.uexp" 61
"C:/Users/linki/Documents/UNIVERSIDAD/10mo semestre/Aplicaciones 3d/2do Corte/Juego Ballena/BallenaNueva/Content/Runnerfiles/UI/Endgame/MenuButton.uasset" 62
"C:/Users/linki/Documents/UNIVERSIDAD/10mo semestre/Aplicaciones 3d/2do Corte/Juego Ballena/BallenaNueva/Content/Runnerfiles/UI/Endgame/MenuButton.uexp" 63
"C:/Users/linki/Documents/UNIVERSIDAD/10mo semestre/Aplicaciones 3d/2do Corte/Juego Ballena/BallenaNueva/Content/Runnerfiles/UI/Endgame/HighscoreIcon.uasset" 64
"C:/Users/linki/Documents/UNIVERSIDAD/10mo semestre/Aplicaciones 3d/2do Corte/Juego Ballena/BallenaNueva/Content/Runnerfiles/UI/Endgame/HighscoreIcon.uexp" 65
"C:/Users/linki/Documents/UNIVERSIDAD/10mo semestre/Aplicaciones 3d/2do Corte/Juego Ballena/BallenaNueva/Content/Runnerfiles/UI/Endgame/GameOver1.uasset" 66
"C:/Users/linki/Documents/UNIVERSIDAD/10mo semestre/Aplicaciones 3d/2do Corte/Juego Ballena/BallenaNueva/Content/Runnerfiles/UI/Endgame/GameOver1.uexp" 67
"C:/Users/linki/Documents/UNIVERSIDAD/10mo semestre/Aplicaciones 3d/2do Corte/Juego Ballena/BallenaNueva/Content/Runnerfiles/UI/Endgame/CoinsIcon.uasset" 68
"C:/Users/linki/Documents/UNIVERSIDAD/10mo semestre/Aplicaciones 3d/2do Corte/Juego Ballena/BallenaNueva/Content/Runnerfiles/UI/Endgame/CoinsIcon.uexp" 69
"C:/Users/linki/Documents/UNIVERSIDAD/10mo semestre/Aplicaciones 3d/2do Corte/Juego Ballena/BallenaNueva/Content/Runnerfiles/UI/Endgame/GameOVer.uasset" 70
"C:/Users/linki/Documents/UNIVERSIDAD/10mo semestre/Aplicaciones 3d/2do Corte/Juego Ballena/BallenaNueva/Content/Runnerfiles/UI/Endgame/GameOVer.uexp" 71
"C:/Users/linki/Documents/UNIVERSIDAD/10mo semestre/Aplicaciones 3d/2do Corte/Juego Ballena/BallenaNueva/Content/ThirdPersonBP/Nivel2/UI/blue.uasset" 72
"C:/Users/linki/Documents/UNIVERSIDAD/10mo semestre/Aplicaciones 3d/2do Corte/Juego Ballena/BallenaNueva/Content/ThirdPersonBP/Nivel2/UI/blue.uexp" 73
"C:/Users/linki/Documents/UNIVERSIDAD/10mo semestre/Aplicaciones 3d/2do Corte/Juego Ballena/BallenaNueva/Content/ThirdPersonBP/Nivel2/UI/blue.ubulk" 74
"C:/Users/linki/Documents/UNIVERSIDAD/10mo semestre/Aplicaciones 3d/2do Corte/Juego Ballena/BallenaNueva/Content/Runnerfiles/UI/HUD/Pause.uasset" 75
"C:/Users/linki/Documents/UNIVERSIDAD/10mo semestre/Aplicaciones 3d/2do Corte/Juego Ballena/BallenaNueva/Content/Runnerfiles/UI/HUD/Pause.uexp" 76
"C:/Users/linki/Documents/UNIVERSIDAD/10mo semestre/Aplicaciones 3d/2do Corte/Juego Ballena/BallenaNueva/Content/Runnerfiles/UI/Endgame/ScoreIcon.uasset" 77
"C:/Users/linki/Documents/UNIVERSIDAD/10mo semestre/Aplicaciones 3d/2do Corte/Juego Ballena/BallenaNueva/Content/Runnerfiles/UI/Endgame/ScoreIcon.uexp" 78
"C:/Users/linki/Documents/UNIVERSIDAD/10mo semestre/Aplicaciones 3d/2do Corte/Juego Ballena/BallenaNueva/Content/Runnerfiles/UI/HUD/LeaveHovered.uasset" 79
"C:/Users/linki/Documents/UNIVERSIDAD/10mo semestre/Aplicaciones 3d/2do Corte/Juego Ballena/BallenaNueva/Content/Runnerfiles/UI/HUD/LeaveHovered.uexp" 80
"C:/Users/linki/Documents/UNIVERSIDAD/10mo semestre/Aplicaciones 3d/2do Corte/Juego Ballena/BallenaNueva/Content/Runnerfiles/UI/HUD/LeaveButton.uasset" 81
"C:/Users/linki/Documents/UNIVERSIDAD/10mo semestre/Aplicaciones 3d/2do Corte/Juego Ballena/BallenaNueva/Content/Runnerfiles/UI/HUD/LeaveButton.uexp" 82
"C:/Users/linki/Documents/UNIVERSIDAD/10mo semestre/Aplicaciones 3d/2do Corte/Juego Ballena/BallenaNueva/Content/Runnerfiles/UI/HUD/ContinueHovered.uasset" 83
"C:/Users/linki/Documents/UNIVERSIDAD/10mo semestre/Aplicaciones 3d/2do Corte/Juego Ballena/BallenaNueva/Content/Runnerfiles/UI/HUD/ContinueHovered.uexp" 84
"C:/Users/linki/Documents/UNIVERSIDAD/10mo semestre/Aplicaciones 3d/2do Corte/Juego Ballena/BallenaNueva/Content/Runnerfiles/UI/HUD/ContinueButton.uasset" 85
"C:/Users/linki/Documents/UNIVERSIDAD/10mo semestre/Aplicaciones 3d/2do Corte/Juego Ballena/BallenaNueva/Content/Runnerfiles/UI/HUD/ContinueButton.uexp" 86
"C:/Users/linki/Documents/UNIVERSIDAD/10mo semestre/Aplicaciones 3d/2do Corte/Juego Ballena/BallenaNueva/Content/ThirdPersonBP/Nivel2/UI/Pause.uasset" 87
"C:/Users/linki/Documents/UNIVERSIDAD/10mo semestre/Aplicaciones 3d/2do Corte/Juego Ballena/BallenaNueva/Content/ThirdPersonBP/Nivel2/UI/Pause.uexp" 88
"C:/Users/linki/Documents/UNIVERSIDAD/10mo semestre/Aplicaciones 3d/2do Corte/Juego Ballena/BallenaNueva/Content/ThirdPersonBP/Nivel2/UI/RunnerHUD.uasset" 89
"C:/Users/linki/Documents/UNIVERSIDAD/10mo semestre/Aplicaciones 3d/2do Corte/Juego Ballena/BallenaNueva/Content/ThirdPersonBP/Nivel2/UI/RunnerHUD.uexp" 90
"C:/Users/linki/Documents/UNIVERSIDAD/10mo semestre/Aplicaciones 3d/2do Corte/Juego Ballena/BallenaNueva/Content/ThirdPersonBP/Nivel2/BallenaCharacter.uasset" 91
"C:/Users/linki/Documents/UNIVERSIDAD/10mo semestre/Aplicaciones 3d/2do Corte/Juego Ballena/BallenaNueva/Content/ThirdPersonBP/Nivel2/BallenaCharacter.uexp" 92
"C:/Users/linki/Documents/UNIVERSIDAD/10mo semestre/Aplicaciones 3d/2do Corte/Juego Ballena/BallenaNueva/Content/ThirdPersonBP/Nivel2/Roca.uasset" 93
"C:/Users/linki/Documents/UNIVERSIDAD/10mo semestre/Aplicaciones 3d/2do Corte/Juego Ballena/BallenaNueva/Content/ThirdPersonBP/Nivel2/Roca.uexp" 94
"C:/Users/linki/Documents/UNIVERSIDAD/10mo semestre/Aplicaciones 3d/2do Corte/Juego Ballena/BallenaNueva/Content/ThirdPersonBP/Nivel2/Cachalote/initialShadingGroup.uasset" 95
"C:/Users/linki/Documents/UNIVERSIDAD/10mo semestre/Aplicaciones 3d/2do Corte/Juego Ballena/BallenaNueva/Content/ThirdPersonBP/Nivel2/Cachalote/initialShadingGroup.uexp" 96
"C:/Users/linki/Documents/UNIVERSIDAD/10mo semestre/Aplicaciones 3d/2do Corte/Juego Ballena/BallenaNueva/Content/ThirdPersonBP/Nivel2/Cachalote/Cachalote.uasset" 97
"C:/Users/linki/Documents/UNIVERSIDAD/10mo semestre/Aplicaciones 3d/2do Corte/Juego Ballena/BallenaNueva/Content/ThirdPersonBP/Nivel2/Cachalote/Cachalote.uexp" 98
"C:/Users/linki/Documents/UNIVERSIDAD/10mo semestre/Aplicaciones 3d/2do Corte/Juego Ballena/BallenaNueva/Content/ThirdPersonBP/Nivel2/Cachalote.uasset" 99
"C:/Users/linki/Documents/UNIVERSIDAD/10mo semestre/Aplicaciones 3d/2do Corte/Juego Ballena/BallenaNueva/Content/ThirdPersonBP/Nivel2/Cachalote.uexp" 100
"C:/Users/linki/Documents/UNIVERSIDAD/10mo semestre/Aplicaciones 3d/2do Corte/Juego Ballena/BallenaNueva/Content/ThirdPersonBP/Nivel2/Audios/Mordida.uasset" 101
"C:/Users/linki/Documents/UNIVERSIDAD/10mo semestre/Aplicaciones 3d/2do Corte/Juego Ballena/BallenaNueva/Content/ThirdPersonBP/Nivel2/Audios/Mordida.uexp" 102
"C:/Users/linki/Documents/UNIVERSIDAD/10mo semestre/Aplicaciones 3d/2do Corte/Juego Ballena/BallenaNueva/Content/Runnerfiles/Meshes/Pescados/Meshes/PecesAnimPeces_Skeleton.uasset" 103
"C:/Users/linki/Documents/UNIVERSIDAD/10mo semestre/Aplicaciones 3d/2do Corte/Juego Ballena/BallenaNueva/Content/Runnerfiles/Meshes/Pescados/Meshes/PecesAnimPeces_Skeleton.uexp" 104
"C:/Users/linki/Documents/UNIVERSIDAD/10mo semestre/Aplicaciones 3d/2do Corte/Juego Ballena/BallenaNueva/Content/Runnerfiles/Meshes/Pescados/Meshes/PecesAnimPeces_Anim.uasset" 105
"C:/Users/linki/Documents/UNIVERSIDAD/10mo semestre/Aplicaciones 3d/2do Corte/Juego Ballena/BallenaNueva/Content/Runnerfiles/Meshes/Pescados/Meshes/PecesAnimPeces_Anim.uexp" 106
"C:/Users/linki/Documents/UNIVERSIDAD/10mo semestre/Aplicaciones 3d/2do Corte/Juego Ballena/BallenaNueva/Content/Runnerfiles/Meshes/Pescados/Meshes/PecesAnimPeces_PhysicsAsset.uasset" 107
"C:/Users/linki/Documents/UNIVERSIDAD/10mo semestre/Aplicaciones 3d/2do Corte/Juego Ballena/BallenaNueva/Content/Runnerfiles/Meshes/Pescados/Meshes/PecesAnimPeces_PhysicsAsset.uexp" 108
"C:/Users/linki/Documents/UNIVERSIDAD/10mo semestre/Aplicaciones 3d/2do Corte/Juego Ballena/BallenaNueva/Content/Runnerfiles/Meshes/Pescados/Meshes/White.uasset" 109
"C:/Users/linki/Documents/UNIVERSIDAD/10mo semestre/Aplicaciones 3d/2do Corte/Juego Ballena/BallenaNueva/Content/Runnerfiles/Meshes/Pescados/Meshes/White.uexp" 110
"C:/Users/linki/Documents/UNIVERSIDAD/10mo semestre/Aplicaciones 3d/2do Corte/Juego Ballena/BallenaNueva/Content/Runnerfiles/Meshes/Pescados/Meshes/Silver.uasset" 111
"C:/Users/linki/Documents/UNIVERSIDAD/10mo semestre/Aplicaciones 3d/2do Corte/Juego Ballena/BallenaNueva/Content/Runnerfiles/Meshes/Pescados/Meshes/Silver.uexp" 112
"C:/Users/linki/Documents/UNIVERSIDAD/10mo semestre/Aplicaciones 3d/2do Corte/Juego Ballena/BallenaNueva/Content/Runnerfiles/Meshes/Pescados/Meshes/red.uasset" 113
"C:/Users/linki/Documents/UNIVERSIDAD/10mo semestre/Aplicaciones 3d/2do Corte/Juego Ballena/BallenaNueva/Content/Runnerfiles/Meshes/Pescados/Meshes/red.uexp" 114
"C:/Users/linki/Documents/UNIVERSIDAD/10mo semestre/Aplicaciones 3d/2do Corte/Juego Ballena/BallenaNueva/Content/Runnerfiles/Meshes/Pescados/Meshes/Eyes.uasset" 115
"C:/Users/linki/Documents/UNIVERSIDAD/10mo semestre/Aplicaciones 3d/2do Corte/Juego Ballena/BallenaNueva/Content/Runnerfiles/Meshes/Pescados/Meshes/Eyes.uexp" 116
"C:/Users/linki/Documents/UNIVERSIDAD/10mo semestre/Aplicaciones 3d/2do Corte/Juego Ballena/BallenaNueva/Content/Runnerfiles/Meshes/Pescados/Meshes/PecesAnimPeces.uasset" 117
"C:/Users/linki/Documents/UNIVERSIDAD/10mo semestre/Aplicaciones 3d/2do Corte/Juego Ballena/BallenaNueva/Content/Runnerfiles/Meshes/Pescados/Meshes/PecesAnimPeces.uexp" 118
"C:/Users/linki/Documents/UNIVERSIDAD/10mo semestre/Aplicaciones 3d/2do Corte/Juego Ballena/BallenaNueva/Content/ThirdPersonBP/Maps/Comida.uasset" 119
"C:/Users/linki/Documents/UNIVERSIDAD/10mo semestre/Aplicaciones 3d/2do Corte/Juego Ballena/BallenaNueva/Content/ThirdPersonBP/Maps/Comida.uexp" 120
"C:/Users/linki/Documents/UNIVERSIDAD/10mo semestre/Aplicaciones 3d/2do Corte/Juego Ballena/BallenaNueva/Content/ThirdPersonBP/Nivel2/Orca/rigOrcaAnim_Skeleton.uasset" 121
"C:/Users/linki/Documents/UNIVERSIDAD/10mo semestre/Aplicaciones 3d/2do Corte/Juego Ballena/BallenaNueva/Content/ThirdPersonBP/Nivel2/Orca/rigOrcaAnim_Skeleton.uexp" 122
"C:/Users/linki/Documents/UNIVERSIDAD/10mo semestre/Aplicaciones 3d/2do Corte/Juego Ballena/BallenaNueva/Content/ThirdPersonBP/Nivel2/Orca/rigOrcaAnim_Anim.uasset" 123
"C:/Users/linki/Documents/UNIVERSIDAD/10mo semestre/Aplicaciones 3d/2do Corte/Juego Ballena/BallenaNueva/Content/ThirdPersonBP/Nivel2/Orca/rigOrcaAnim_Anim.uexp" 124
"C:/Users/linki/Documents/UNIVERSIDAD/10mo semestre/Aplicaciones 3d/2do Corte/Juego Ballena/BallenaNueva/Content/ThirdPersonBP/Nivel2/Orca/rigOrcaAnim_PhysicsAsset.uasset" 125
"C:/Users/linki/Documents/UNIVERSIDAD/10mo semestre/Aplicaciones 3d/2do Corte/Juego Ballena/BallenaNueva/Content/ThirdPersonBP/Nivel2/Orca/rigOrcaAnim_PhysicsAsset.uexp" 126
"C:/Users/linki/Documents/UNIVERSIDAD/10mo semestre/Aplicaciones 3d/2do Corte/Juego Ballena/BallenaNueva/Content/ThirdPersonBP/Nivel2/Orca/Killer-whale-diffuse.uasset" 127
"C:/Users/linki/Documents/UNIVERSIDAD/10mo semestre/Aplicaciones 3d/2do Corte/Juego Ballena/BallenaNueva/Content/ThirdPersonBP/Nivel2/Orca/Killer-whale-diffuse.uexp" 128
"C:/Users/linki/Documents/UNIVERSIDAD/10mo semestre/Aplicaciones 3d/2do Corte/Juego Ballena/BallenaNueva/Content/ThirdPersonBP/Nivel2/Orca/Killer-whale-diffuse.ubulk" 129
"C:/Users/linki/Documents/UNIVERSIDAD/10mo semestre/Aplicaciones 3d/2do Corte/Juego Ballena/BallenaNueva/Content/ThirdPersonBP/Nivel2/Orca/Material__0.uasset" 130
"C:/Users/linki/Documents/UNIVERSIDAD/10mo semestre/Aplicaciones 3d/2do Corte/Juego Ballena/BallenaNueva/Content/ThirdPersonBP/Nivel2/Orca/Material__0.uexp" 131
"C:/Users/linki/Documents/UNIVERSIDAD/10mo semestre/Aplicaciones 3d/2do Corte/Juego Ballena/BallenaNueva/Content/ThirdPersonBP/Nivel2/Orca/rigOrcaAnim.uasset" 132
"C:/Users/linki/Documents/UNIVERSIDAD/10mo semestre/Aplicaciones 3d/2do Corte/Juego Ballena/BallenaNueva/Content/ThirdPersonBP/Nivel2/Orca/rigOrcaAnim.uexp" 133
"C:/Users/linki/Documents/UNIVERSIDAD/10mo semestre/Aplicaciones 3d/2do Corte/Juego Ballena/BallenaNueva/Content/ThirdPersonBP/Nivel2/Orca/orca.uasset" 134
"C:/Users/linki/Documents/UNIVERSIDAD/10mo semestre/Aplicaciones 3d/2do Corte/Juego Ballena/BallenaNueva/Content/ThirdPersonBP/Nivel2/Orca/orca.uexp" 135
"../../../Engine/Content/EditorBlueprintResources/StandardMacros.uasset" 136
"../../../Engine/Content/EditorBlueprintResources/StandardMacros.uexp" 137
"../../../Engine/Content/Functions/Engine_MaterialFunctions01/Opacity/CameraDepthFade.uasset" 138
"../../../Engine/Content/Functions/Engine_MaterialFunctions01/Opacity/CameraDepthFade.uexp" 139
"../../../Engine/Content/EngineMaterials/T_Default_Material_Grid_N.uasset" 140
"../../../Engine/Content/EngineMaterials/T_Default_Material_Grid_N.uexp" 141
"../../../Engine/Content/EngineMaterials/T_Default_Material_Grid_N.ubulk" 142
"../../../Engine/Content/EngineMaterials/T_Default_Material_Grid_M.uasset" 143
"../../../Engine/Content/EngineMaterials/T_Default_Material_Grid_M.uexp" 144
"../../../Engine/Content/EngineMaterials/T_Default_Material_Grid_M.ubulk" 145
"../../../Engine/Content/EngineMaterials/WorldGridMaterial.uasset" 146
"../../../Engine/Content/EngineMaterials/WorldGridMaterial.uexp" 147
"../../../Engine/Content/BasicShapes/Cube.uasset" 148
"../../../Engine/Content/BasicShapes/Cube.uexp" 149
"C:/Users/linki/Documents/UNIVERSIDAD/10mo semestre/Aplicaciones 3d/2do Corte/Juego Ballena/BallenaNueva/Content/Runnerfiles/Piso/Corrientes_prueba1.uasset" 150
"C:/Users/linki/Documents/UNIVERSIDAD/10mo semestre/Aplicaciones 3d/2do Corte/Juego Ballena/BallenaNueva/Content/Runnerfiles/Piso/Corrientes_prueba1.uexp" 151
"C:/Users/linki/Documents/UNIVERSIDAD/10mo semestre/Aplicaciones 3d/2do Corte/Juego Ballena/BallenaNueva/Content/Runnerfiles/Piso/Corrientes_prueba1.ubulk" 152
"C:/Users/linki/Documents/UNIVERSIDAD/10mo semestre/Aplicaciones 3d/2do Corte/Juego Ballena/BallenaNueva/Content/Runnerfiles/Piso/Piso.uasset" 153
"C:/Users/linki/Documents/UNIVERSIDAD/10mo semestre/Aplicaciones 3d/2do Corte/Juego Ballena/BallenaNueva/Content/Runnerfiles/Piso/Piso.uexp" 154
"C:/Users/linki/Documents/UNIVERSIDAD/10mo semestre/Aplicaciones 3d/2do Corte/Juego Ballena/BallenaNueva/Content/ThirdPersonBP/Nivel2/PisoTile.uasset" 155
"C:/Users/linki/Documents/UNIVERSIDAD/10mo semestre/Aplicaciones 3d/2do Corte/Juego Ballena/BallenaNueva/Content/ThirdPersonBP/Nivel2/PisoTile.uexp" 156
"C:/Users/linki/Documents/UNIVERSIDAD/10mo semestre/Aplicaciones 3d/2do Corte/Juego Ballena/BallenaNueva/Content/Runnerfiles/Meshes/Escenario/1/tbjibefn_2K_Albedo.uasset" 157
"C:/Users/linki/Documents/UNIVERSIDAD/10mo semestre/Aplicaciones 3d/2do Corte/Juego Ballena/BallenaNueva/Content/Runnerfiles/Meshes/Escenario/1/tbjibefn_2K_Albedo.uexp" 158
"C:/Users/linki/Documents/UNIVERSIDAD/10mo semestre/Aplicaciones 3d/2do Corte/Juego Ballena/BallenaNueva/Content/Runnerfiles/Meshes/Escenario/1/tbjibefn_2K_Albedo.ubulk" 159
"C:/Users/linki/Documents/UNIVERSIDAD/10mo semestre/Aplicaciones 3d/2do Corte/Juego Ballena/BallenaNueva/Content/Runnerfiles/Meshes/Escenario/1/pasted__pPlane2Mat.uasset" 160
"C:/Users/linki/Documents/UNIVERSIDAD/10mo semestre/Aplicaciones 3d/2do Corte/Juego Ballena/BallenaNueva/Content/Runnerfiles/Meshes/Escenario/1/pasted__pPlane2Mat.uexp" 161
"C:/Users/linki/Documents/UNIVERSIDAD/10mo semestre/Aplicaciones 3d/2do Corte/Juego Ballena/BallenaNueva/Content/Runnerfiles/Meshes/Escenario/1/Escenario_1.uasset" 162
"C:/Users/linki/Documents/UNIVERSIDAD/10mo semestre/Aplicaciones 3d/2do Corte/Juego Ballena/BallenaNueva/Content/Runnerfiles/Meshes/Escenario/1/Escenario_1.uexp" 163
"C:/Users/linki/Documents/UNIVERSIDAD/10mo semestre/Aplicaciones 3d/2do Corte/Juego Ballena/BallenaNueva/Content/ThirdPersonBP/Nivel2/FondoTile.uasset" 164
"C:/Users/linki/Documents/UNIVERSIDAD/10mo semestre/Aplicaciones 3d/2do Corte/Juego Ballena/BallenaNueva/Content/ThirdPersonBP/Nivel2/FondoTile.uexp" 165
"C:/Users/linki/Documents/UNIVERSIDAD/10mo semestre/Aplicaciones 3d/2do Corte/Juego Ballena/BallenaNueva/Content/ThirdPersonBP/Nivel2/ThirdPersonGameMode.uasset" 166
"C:/Users/linki/Documents/UNIVERSIDAD/10mo semestre/Aplicaciones 3d/2do Corte/Juego Ballena/BallenaNueva/Content/ThirdPersonBP/Nivel2/ThirdPersonGameMode.uexp" 167
"../../../Engine/Content/ArtTools/RenderToTexture/Meshes/S_1_Unit_Plane.uasset" 168
"../../../Engine/Content/ArtTools/RenderToTexture/Meshes/S_1_Unit_Plane.uexp" 169
"../../../Engine/Content/EngineMaterials/DefaultMaterial.uasset" 170
"../../../Engine/Content/EngineMaterials/DefaultMaterial.uexp" 171
"../../../Engine/Content/BasicShapes/Cone.uasset" 172
"../../../Engine/Content/BasicShapes/Cone.uexp" 173
"../../../Engine/Content/BasicShapes/Plane.uasset" 174
"../../../Engine/Content/BasicShapes/Plane.uexp" 175
"../../../Engine/Content/BasicShapes/Sphere.uasset" 176
"../../../Engine/Content/BasicShapes/Sphere.uexp" 177
"../../../Engine/Content/EditorLandscapeResources/DataLayer.uasset" 178
"../../../Engine/Content/EditorLandscapeResources/DataLayer.uexp" 179
"../../../Engine/Content/EditorLandscapeResources/DefaultAlphaTexture.uasset" 180
"../../../Engine/Content/EditorLandscapeResources/DefaultAlphaTexture.uexp" 181
"../../../Engine/Content/EditorMaterials/MAT_Groups_Toggle.uasset" 182
"../../../Engine/Content/EditorMaterials/MAT_Groups_Toggle.uexp" 183
"../../../Engine/Content/EditorMaterials/MAT_Groups_Visibility.uasset" 184
"../../../Engine/Content/EditorMaterials/MAT_Groups_Visibility.uexp" 185
"../../../Engine/Content/EditorMaterials/PreviewShadowIndicator.uasset" 186
"../../../Engine/Content/EditorMaterials/PreviewShadowIndicator.uexp" 187
"../../../Engine/Content/EditorMaterials/PreviewShadowIndicator.ubulk" 188
"../../../Engine/Content/EditorMaterials/PreviewShadowIndicatorMaterial.uasset" 189
"../../../Engine/Content/EditorMaterials/PreviewShadowIndicatorMaterial.uexp" 190
"../../../Engine/Content/EditorMaterials/MatineeGroups/MAT_ColorTrack.uasset" 191
"../../../Engine/Content/EditorMaterials/MatineeGroups/MAT_ColorTrack.uexp" 192
"../../../Engine/Content/EditorMaterials/MatineeGroups/MAT_Groups_Anim.uasset" 193
"../../../Engine/Content/EditorMaterials/MatineeGroups/MAT_Groups_Anim.uexp" 194
"../../../Engine/Content/EditorMaterials/MatineeGroups/MAT_Groups_AudioMaster.uasset" 195
"../../../Engine/Content/EditorMaterials/MatineeGroups/MAT_Groups_AudioMaster.uexp" 196
"../../../Engine/Content/EditorMaterials/MatineeGroups/MAT_Groups_Director.uasset" 197
"../../../Engine/Content/EditorMaterials/MatineeGroups/MAT_Groups_Director.uexp" 198
"../../../Engine/Content/EditorMaterials/MatineeGroups/MAT_Groups_Event.uasset" 199
"../../../Engine/Content/EditorMaterials/MatineeGroups/MAT_Groups_Event.uexp" 200
"../../../Engine/Content/EditorMaterials/MatineeGroups/MAT_Groups_Fade.uasset" 201
"../../../Engine/Content/EditorMaterials/MatineeGroups/MAT_Groups_Fade.uexp" 202
"../../../Engine/Content/EditorMaterials/MatineeGroups/MAT_Groups_Float.uasset" 203
"../../../Engine/Content/EditorMaterials/MatineeGroups/MAT_Groups_Float.uexp" 204
"../../../Engine/Content/EditorMaterials/MatineeGroups/MAT_Groups_Move.uasset" 205
"../../../Engine/Content/EditorMaterials/MatineeGroups/MAT_Groups_Move.uexp" 206
"../../../Engine/Content/EditorMaterials/MatineeGroups/MAT_Groups_Slomo.uasset" 207
"../../../Engine/Content/EditorMaterials/MatineeGroups/MAT_Groups_Slomo.uexp" 208
"../../../Engine/Content/EditorMaterials/MatineeGroups/MAT_Groups_Sound.uasset" 209
"../../../Engine/Content/EditorMaterials/MatineeGroups/MAT_Groups_Sound.uexp" 210
"../../../Engine/Content/EditorMaterials/MatineeGroups/MAT_Groups_Vector.uasset" 211
"../../../Engine/Content/EditorMaterials/MatineeGroups/MAT_Groups_Vector.uexp" 212
"../../../Engine/Content/EditorMaterials/ParticleSystems/PSysThumbnail_NoImage.uasset" 213
"../../../Engine/Content/EditorMaterials/ParticleSystems/PSysThumbnail_NoImage.uexp" 214
"../../../Engine/Content/EditorMaterials/ParticleSystems/PSysThumbnail_NoImage.ubulk" 215
"../../../Engine/Content/EditorMaterials/ParticleSystems/PSysThumbnail_OOD.uasset" 216
"../../../Engine/Content/EditorMaterials/ParticleSystems/PSysThumbnail_OOD.uexp" 217
"../../../Engine/Content/EditorMaterials/ParticleSystems/PSysThumbnail_OOD.ubulk" 218
"../../../Engine/Content/EditorMaterials/Camera/CineMat.uasset" 219
"../../../Engine/Content/EditorMaterials/Camera/CineMat.uexp" 220
"../../../Engine/Content/EditorMaterials/Camera/MI_CineMat_Rig.uasset" 221
"../../../Engine/Content/EditorMaterials/Camera/MI_CineMat_Rig.uexp" 222
"../../../Engine/Content/EditorMeshes/Camera/SM_CraneRig_Arm.uasset" 223
"../../../Engine/Content/EditorMeshes/Camera/SM_CraneRig_Arm.uexp" 224
"../../../Engine/Content/EditorMeshes/Camera/SM_CraneRig_Base.uasset" 225
"../../../Engine/Content/EditorMeshes/Camera/SM_CraneRig_Base.uexp" 226
"../../../Engine/Content/EditorMeshes/Camera/SM_CraneRig_Body.uasset" 227
"../../../Engine/Content/EditorMeshes/Camera/SM_CraneRig_Body.uexp" 228
"../../../Engine/Content/EditorMeshes/Camera/SM_CraneRig_Mount.uasset" 229
"../../../Engine/Content/EditorMeshes/Camera/SM_CraneRig_Mount.uexp" 230
"../../../Engine/Content/EditorMeshes/Camera/SM_RailRig_Mount.uasset" 231
"../../../Engine/Content/EditorMeshes/Camera/SM_RailRig_Mount.uexp" 232
"../../../Engine/Content/EditorMeshes/Camera/SM_RailRig_Track.uasset" 233
"../../../Engine/Content/EditorMeshes/Camera/SM_RailRig_Track.uexp" 234
"../../../Engine/Content/EditorResources/BSPVertex.uasset" 235
"../../../Engine/Content/EditorResources/BSPVertex.uexp" 236
"../../../Engine/Content/EditorResources/EmptyActor.uasset" 237
"../../../Engine/Content/EditorResources/EmptyActor.uexp" 238
"../../../Engine/Content/EditorResources/S_Actor.uasset" 239
"../../../Engine/Content/EditorResources/S_Actor.uexp" 240
"../../../Engine/Content/EditorResources/S_Actor.ubulk" 241
"../../../Engine/Content/EditorResources/S_Note.uasset" 242
"../../../Engine/Content/EditorResources/S_Note.uexp" 243
"../../../Engine/Content/EditorResources/S_Note.ubulk" 244
"../../../Engine/Content/EditorResources/S_Solver.uasset" 245
"../../../Engine/Content/EditorResources/S_Solver.uexp" 246
"../../../Engine/Content/EditorResources/S_Solver.ubulk" 247
"../../../Engine/Content/EditorResources/S_Terrain.uasset" 248
"../../../Engine/Content/EditorResources/S_Terrain.uexp" 249
"../../../Engine/Content/EditorResources/S_Terrain.ubulk" 250
"../../../Engine/Content/EditorResources/S_Trigger.uasset" 251
"../../../Engine/Content/EditorResources/S_Trigger.uexp" 252
"../../../Engine/Content/EditorResources/S_Trigger.ubulk" 253
"../../../Engine/Content/EditorResources/LightIcons/S_LightError.uasset" 254
"../../../Engine/Content/EditorResources/LightIcons/S_LightError.uexp" 255
"../../../Engine/Content/EditorResources/SequenceRecorder/Countdown.uasset" 256
"../../../Engine/Content/EditorResources/SequenceRecorder/Countdown.uexp" 257
"../../../Engine/Content/EditorResources/SequenceRecorder/RecordingIndicator.uasset" 258
"../../../Engine/Content/EditorResources/SequenceRecorder/RecordingIndicator.uexp" 259
"../../../Engine/Content/EngineDamageTypes/DmgTypeBP_Environmental.uasset" 260
"../../../Engine/Content/EngineDamageTypes/DmgTypeBP_Environmental.uexp" 261
"../../../Engine/Content/EngineDebugMaterials/DebugEditorMaterial.uasset" 262
"../../../Engine/Content/EngineDebugMaterials/DebugEditorMaterial.uexp" 263
"../../../Engine/Content/EngineDebugMaterials/DebugMeshMaterial.uasset" 264
"../../../Engine/Content/EngineDebugMaterials/DebugMeshMaterial.uexp" 265
"../../../Engine/Content/EngineDebugMaterials/M_SimpleUnlitTranslucent.uasset" 266
"../../../Engine/Content/EngineDebugMaterials/M_SimpleUnlitTranslucent.uexp" 267
"../../../Engine/Content/EngineDebugMaterials/VolumeToRender.uasset" 268
"../../../Engine/Content/EngineDebugMaterials/VolumeToRender.uexp" 269
"../../../Engine/Content/Functions/Engine_MaterialFunctions02/Utility/CameraDirectionVector.uasset" 270
"../../../Engine/Content/Functions/Engine_MaterialFunctions02/Utility/CameraDirectionVector.uexp" 271
"../../../Engine/Content/EngineDebugMaterials/M_VolumeRenderSphereTracePP.uasset" 272
"../../../Engine/Content/EngineDebugMaterials/M_VolumeRenderSphereTracePP.uexp" 273
"../../../Engine/Content/Functions/Engine_MaterialFunctions01/Shading/ConvertFromDiffSpec.uasset" 274
"../../../Engine/Content/Functions/Engine_MaterialFunctions01/Shading/ConvertFromDiffSpec.uexp" 275
"../../../Engine/Content/EngineDebugMaterials/VertexColorMaterial.uasset" 276
"../../../Engine/Content/EngineDebugMaterials/VertexColorMaterial.uexp" 277
"../../../Engine/Content/EngineDebugMaterials/WireframeMaterial.uasset" 278
"../../../Engine/Content/EngineDebugMaterials/WireframeMaterial.uexp" 279
"../../../Engine/Content/EngineFonts/Faces/RobotoRegular.uasset" 280
"../../../Engine/Content/EngineFonts/Faces/RobotoRegular.uexp" 281
"../../../Engine/Content/EngineFonts/Faces/RobotoRegular.ufont" 282
"../../../Engine/Content/EngineFonts/Faces/RobotoLight.uasset" 283
"../../../Engine/Content/EngineFonts/Faces/RobotoLight.uexp" 284
"../../../Engine/Content/EngineFonts/Faces/RobotoLight.ufont" 285
"../../../Engine/Content/EngineFonts/Faces/RobotoItalic.uasset" 286
"../../../Engine/Content/EngineFonts/Faces/RobotoItalic.uexp" 287
"../../../Engine/Content/EngineFonts/Faces/RobotoItalic.ufont" 288
"../../../Engine/Content/EngineFonts/Faces/RobotoBoldItalic.uasset" 289
"../../../Engine/Content/EngineFonts/Faces/RobotoBoldItalic.uexp" 290
"../../../Engine/Content/EngineFonts/Faces/RobotoBoldItalic.ufont" 291
"../../../Engine/Content/EngineFonts/Faces/RobotoBold.uasset" 292
"../../../Engine/Content/EngineFonts/Faces/RobotoBold.uexp" 293
"../../../Engine/Content/EngineFonts/Faces/RobotoBold.ufont" 294
"../../../Engine/Content/EngineFonts/Faces/DroidSansFallback.uasset" 295
"../../../Engine/Content/EngineFonts/Faces/DroidSansFallback.uexp" 296
"../../../Engine/Content/EngineFonts/Faces/DroidSansFallback.ufont" 297
"../../../Engine/Content/EngineFonts/Roboto.uasset" 298
"../../../Engine/Content/EngineFonts/Roboto.uexp" 299
"../../../Engine/Content/EngineMaterials/BaseFlattenNormalMap.uasset" 300
"../../../Engine/Content/EngineMaterials/BaseFlattenNormalMap.uexp" 301
"../../../Engine/Content/EngineMaterials/BaseFlattenGrayscaleMap.uasset" 302
"../../../Engine/Content/EngineMaterials/BaseFlattenGrayscaleMap.uexp" 303
"../../../Engine/Content/EngineMaterials/BaseFlattenEmissiveMap.uasset" 304
"../../../Engine/Content/EngineMaterials/BaseFlattenEmissiveMap.uexp" 305
"../../../Engine/Content/EngineMaterials/BaseFlattenDiffuseMap.uasset" 306
"../../../Engine/Content/EngineMaterials/BaseFlattenDiffuseMap.uexp" 307
"../../../Engine/Content/EngineMaterials/BaseFlattenMaterial.uasset" 308
"../../../Engine/Content/EngineMaterials/BaseFlattenMaterial.uexp" 309
"../../../Engine/Content/EngineMaterials/BlueNoise.uasset" 310
"../../../Engine/Content/EngineMaterials/BlueNoise.uexp" 311
"../../../Engine/Content/EngineMaterials/DefaultBloomKernel.uasset" 312
"../../../Engine/Content/EngineMaterials/DefaultBloomKernel.uexp" 313
"../../../Engine/Content/EngineMaterials/DefaultBokeh.uasset" 314
"../../../Engine/Content/EngineMaterials/DefaultBokeh.uexp" 315
"../../../Engine/Content/EngineMaterials/DefaultDiffuse.uasset" 316
"../../../Engine/Content/EngineMaterials/DefaultDiffuse.uexp" 317
"../../../Engine/Content/EngineMaterials/DefaultDiffuse.ubulk" 318
"../../../Engine/Content/EngineMaterials/DefaultDeferredDecalMaterial.uasset" 319
"../../../Engine/Content/EngineMaterials/DefaultDeferredDecalMaterial.uexp" 320
"../../../Engine/Content/EngineMaterials/DefaultLightFunctionMaterial.uasset" 321
"../../../Engine/Content/EngineMaterials/DefaultLightFunctionMaterial.uexp" 322
"../../../Engine/Content/EngineMaterials/DefaultPhysicalMaterial.uasset" 323
"../../../Engine/Content/EngineMaterials/DefaultPhysicalMaterial.uexp" 324
"../../../Engine/Content/Functions/Engine_MaterialFunctions02/Utility/BreakOutFloat2Components.uasset" 325
"../../../Engine/Content/Functions/Engine_MaterialFunctions02/Utility/BreakOutFloat2Components.uexp" 326
"../../../Engine/Content/EngineMaterials/DefaultPostProcessMaterial.uasset" 327
"../../../Engine/Content/EngineMaterials/DefaultPostProcessMaterial.uexp" 328
"../../../Engine/Content/EngineFonts/RobotoDistanceField.uasset" 329
"../../../Engine/Content/EngineFonts/RobotoDistanceField.uexp" 330
"../../../Engine/Content/EngineMaterials/DefaultTextMaterialOpaque.uasset" 331
"../../../Engine/Content/EngineMaterials/DefaultTextMaterialOpaque.uexp" 332
"../../../Engine/Content/EngineMaterials/DefaultWhiteGrid.uasset" 333
"../../../Engine/Content/EngineMaterials/DefaultWhiteGrid.uexp" 334
"../../../Engine/Content/EngineMaterials/DefaultWhiteGrid.ubulk" 335
"../../../Engine/Content/EngineMaterials/DefaultWhiteGrid_Low.uasset" 336
"../../../Engine/Content/EngineMaterials/DefaultWhiteGrid_Low.uexp" 337
"../../../Engine/Content/EngineMaterials/EmissiveMeshMaterial.uasset" 338
"../../../Engine/Content/EngineMaterials/EmissiveMeshMaterial.uexp" 339
"../../../Engine/Content/EngineMaterials/GizmoMaterial.uasset" 340
"../../../Engine/Content/EngineMaterials/GizmoMaterial.uexp" 341
"../../../Engine/Content/EngineMaterials/Good64x64TilingNoiseHighFreq.uasset" 342
"../../../Engine/Content/EngineMaterials/Good64x64TilingNoiseHighFreq.uexp" 343
"../../../Engine/Content/EngineMaterials/MiniFont.uasset" 344
"../../../Engine/Content/EngineMaterials/MiniFont.uexp" 345
"../../../Engine/Content/EngineMaterials/InvalidLightmapSettings.uasset" 346
"../../../Engine/Content/EngineMaterials/InvalidLightmapSettings.uexp" 347
"../../../Engine/Content/EngineMaterials/InvalidLightmapSettings.ubulk" 348
"../../../Engine/Content/EngineMaterials/M_InvalidLightmapSettings.uasset" 349
"../../../Engine/Content/EngineMaterials/M_InvalidLightmapSettings.uexp" 350
"../../../Engine/Content/Functions/Engine_MaterialFunctions02/WorldPositionOffset/CameraOffset.uasset" 351
"../../../Engine/Content/Functions/Engine_MaterialFunctions02/WorldPositionOffset/CameraOffset.uexp" 352
"../../../Engine/Content/EngineMaterials/PhAT_JointLimitMaterial.uasset" 353
"../../../Engine/Content/EngineMaterials/PhAT_JointLimitMaterial.uexp" 354
"../../../Engine/Content/EngineMaterials/DefaultCalibrationColor.uasset" 355
"../../../Engine/Content/EngineMaterials/DefaultCalibrationColor.uexp" 356
"../../../Engine/Content/EngineMaterials/PPM_DefaultCalibrationColor.uasset" 357
"../../../Engine/Content/EngineMaterials/PPM_DefaultCalibrationColor.uexp" 358
"../../../Engine/Content/EngineMaterials/DefaultCalibrationGrayscale.uasset" 359
"../../../Engine/Content/EngineMaterials/DefaultCalibrationGrayscale.uexp" 360
"../../../Engine/Content/EngineMaterials/PPM_DefaultCalibrationGrayscale.uasset" 361
"../../../Engine/Content/EngineMaterials/PPM_DefaultCalibrationGrayscale.uexp" 362
"../../../Engine/Content/EngineMaterials/PreintegratedSkinBRDF.uasset" 363
"../../../Engine/Content/EngineMaterials/PreintegratedSkinBRDF.uexp" 364
"../../../Engine/Content/EngineMaterials/RemoveSurfaceMaterial.uasset" 365
"../../../Engine/Content/EngineMaterials/RemoveSurfaceMaterial.uexp" 366
"../../../Engine/Content/EngineMaterials/WeightMapPlaceholderTexture.uasset" 367
"../../../Engine/Content/EngineMaterials/WeightMapPlaceholderTexture.uexp" 368
"../../../Engine/Content/EngineResources/WhiteSquareTexture.uasset" 369
"../../../Engine/Content/EngineResources/WhiteSquareTexture.uexp" 370
"../../../Engine/Content/EngineMaterials/Widget3DPassThrough.uasset" 371
"../../../Engine/Content/EngineMaterials/Widget3DPassThrough.uexp" 372
"../../../Engine/Content/EngineMaterials/Widget3DPassThrough_Masked.uasset" 373
"../../../Engine/Content/EngineMaterials/Widget3DPassThrough_Masked.uexp" 374
"../../../Engine/Content/EngineMaterials/Widget3DPassThrough_Opaque.uasset" 375
"../../../Engine/Content/EngineMaterials/Widget3DPassThrough_Opaque.uexp" 376
"../../../Engine/Content/EngineMaterials/Widget3DPassThrough_Masked_OneSided.uasset" 377
"../../../Engine/Content/EngineMaterials/Widget3DPassThrough_Masked_OneSided.uexp" 378
"../../../Engine/Content/EngineMaterials/Widget3DPassThrough_Opaque_OneSided.uasset" 379
"../../../Engine/Content/EngineMaterials/Widget3DPassThrough_Opaque_OneSided.uexp" 380
"../../../Engine/Content/EngineMaterials/Widget3DPassThrough_Translucent.uasset" 381
"../../../Engine/Content/EngineMaterials/Widget3DPassThrough_Translucent.uexp" 382
"../../../Engine/Content/EngineMaterials/Widget3DPassThrough_Translucent_OneSided.uasset" 383
"../../../Engine/Content/EngineMaterials/Widget3DPassThrough_Translucent_OneSided.uexp" 384
"../../../Engine/Content/EngineMeshes/Cylinder.uasset" 385
"../../../Engine/Content/EngineMeshes/Cylinder.uexp" 386
"../../../Engine/Content/EngineMeshes/Sphere.uasset" 387
"../../../Engine/Content/EngineMeshes/Sphere.uexp" 388
"../../../Engine/Content/EngineResources/DefaultTexture.uasset" 389
"../../../Engine/Content/EngineResources/DefaultTexture.uexp" 390
"../../../Engine/Content/EngineResources/DefaultTexture.ubulk" 391
"../../../Engine/Content/EngineResources/DefaultTextureCube.uasset" 392
"../../../Engine/Content/EngineResources/DefaultTextureCube.uexp" 393
"../../../Engine/Content/EngineResources/DefaultVolumeTexture2D.uasset" 394
"../../../Engine/Content/EngineResources/DefaultVolumeTexture2D.uexp" 395
"../../../Engine/Content/EngineResources/DefaultVolumeTexture.uasset" 396
"../../../Engine/Content/EngineResources/DefaultVolumeTexture.uexp" 397
"../../../Engine/Content/EngineResources/GradientTexture0.uasset" 398
"../../../Engine/Content/EngineResources/GradientTexture0.uexp" 399
"../../../Engine/Content/EngineSky/VolumetricClouds/T_NoiseShape64.uasset" 400
"../../../Engine/Content/EngineSky/VolumetricClouds/T_NoiseShape64.uexp" 401
"../../../Engine/Content/EngineSky/VolumetricClouds/T_NoiseShape64.ubulk" 402
"../../../Engine/Content/EngineSky/VolumetricClouds/T_VolumeNoiseShape64.uasset" 403
"../../../Engine/Content/EngineSky/VolumetricClouds/T_VolumeNoiseShape64.uexp" 404
"../../../Engine/Content/EngineSky/VolumetricClouds/T_NoiseErosion.uasset" 405
"../../../Engine/Content/EngineSky/VolumetricClouds/T_NoiseErosion.uexp" 406
"../../../Engine/Content/EngineSky/VolumetricClouds/T_NoiseErosion.ubulk" 407
"../../../Engine/Content/EngineSky/VolumetricClouds/T_VolumeNoiseErosion32.uasset" 408
"../../../Engine/Content/EngineSky/VolumetricClouds/T_VolumeNoiseErosion32.uexp" 409
"../../../Engine/Content/Functions/Engine_MaterialFunctions02/Utility/MakeFloat2.uasset" 410
"../../../Engine/Content/Functions/Engine_MaterialFunctions02/Utility/MakeFloat2.uexp" 411
"../../../Engine/Content/EngineSky/VolumetricClouds/CloudWeatherTexture.uasset" 412
"../../../Engine/Content/EngineSky/VolumetricClouds/CloudWeatherTexture.uexp" 413
"../../../Engine/Content/EngineSky/VolumetricClouds/CloudGradientTexture.uasset" 414
"../../../Engine/Content/EngineSky/VolumetricClouds/CloudGradientTexture.uexp" 415
"../../../Engine/Content/EngineSky/VolumetricClouds/m_SimpleVolumetricCloud.uasset" 416
"../../../Engine/Content/EngineSky/VolumetricClouds/m_SimpleVolumetricCloud.uexp" 417
"../../../Engine/Content/EngineSky/VolumetricClouds/m_SimpleVolumetricCloud_Inst.uasset" 418
"../../../Engine/Content/EngineSky/VolumetricClouds/m_SimpleVolumetricCloud_Inst.uexp" 419
"../../../Engine/Content/EngineSounds/Master.uasset" 420
"../../../Engine/Content/EngineSounds/Master.uexp" 421
"../../../Engine/Content/Functions/Engine_MaterialFunctions01/Shading/PowerToRoughness.uasset" 422
"../../../Engine/Content/Functions/Engine_MaterialFunctions01/Shading/PowerToRoughness.uexp" 423
"../../../Engine/Content/Maps/Templates/Thumbnails/Default.uasset" 424
"../../../Engine/Content/Maps/Templates/Thumbnails/Default.uexp" 425
"../../../Engine/Content/Maps/Templates/Thumbnails/TimeOfDay.uasset" 426
"../../../Engine/Content/Maps/Templates/Thumbnails/TimeOfDay.uexp" 427
"../../../Engine/Content/Maps/Templates/Thumbnails/VR-Basic.uasset" 428
"../../../Engine/Content/Maps/Templates/Thumbnails/VR-Basic.uexp" 429
"../../../Engine/Content/MobileResources/T_MobileControls_texture.uasset" 430
"../../../Engine/Content/MobileResources/T_MobileControls_texture.uexp" 431
"../../../Engine/Content/MobileResources/T_MobileMenu2.uasset" 432
"../../../Engine/Content/MobileResources/T_MobileMenu2.uexp" 433
"../../../Engine/Content/MobileResources/HUD/AnalogHat.uasset" 434
"../../../Engine/Content/MobileResources/HUD/AnalogHat.uexp" 435
"../../../Engine/Content/MobileResources/HUD/VirtualJoystick_Thumb.uasset" 436
"../../../Engine/Content/MobileResources/HUD/VirtualJoystick_Thumb.uexp" 437
"../../../Engine/Content/MobileResources/HUD/VirtualJoystick_Background.uasset" 438
"../../../Engine/Content/MobileResources/HUD/VirtualJoystick_Background.uexp" 439
"../../../Engine/Content/MobileResources/HUD/DefaultVirtualJoysticks.uasset" 440
"../../../Engine/Content/MobileResources/HUD/DefaultVirtualJoysticks.uexp" 441
"../../../Engine/Content/MobileResources/HUD/LeftVirtualJoystickOnly.uasset" 442
"../../../Engine/Content/MobileResources/HUD/LeftVirtualJoystickOnly.uexp" 443
"../../../Engine/Content/MobileResources/HUD/MobileHUDButton1_off.uasset" 444
"../../../Engine/Content/MobileResources/HUD/MobileHUDButton1_off.uexp" 445
"../../../Engine/Content/MobileResources/HUD/MobileHUDButton1_on.uasset" 446
"../../../Engine/Content/MobileResources/HUD/MobileHUDButton1_on.uexp" 447
"../../../Engine/Content/MobileResources/HUD/MobileHUDButton2_off.uasset" 448
"../../../Engine/Content/MobileResources/HUD/MobileHUDButton2_off.uexp" 449
"../../../Engine/Content/MobileResources/HUD/MobileHUDButton2_on.uasset" 450
"../../../Engine/Content/MobileResources/HUD/MobileHUDButton2_on.uexp" 451
"../../../Engine/Content/MobileResources/HUD/MobileHUDButton3.uasset" 452
"../../../Engine/Content/MobileResources/HUD/MobileHUDButton3.uexp" 453
"../../../Engine/Content/MobileResources/HUD/MobileHUDButtonFire.uasset" 454
"../../../Engine/Content/MobileResources/HUD/MobileHUDButtonFire.uexp" 455
"../../../Engine/Content/MobileResources/HUD/MobileHUDDirectionPad.uasset" 456
"../../../Engine/Content/MobileResources/HUD/MobileHUDDirectionPad.uexp" 457
"../../../Engine/Content/MobileResources/HUD/MobileHUDDirectionPad2.uasset" 458
"../../../Engine/Content/MobileResources/HUD/MobileHUDDirectionPad2.uexp" 459
"../../../Engine/Content/MobileResources/HUD/MobileHUDDirectionPad3.uasset" 460
"../../../Engine/Content/MobileResources/HUD/MobileHUDDirectionPad3.uexp" 461
"../../../Engine/Content/MobileResources/HUD/MobileHUDDirectionStick.uasset" 462
"../../../Engine/Content/MobileResources/HUD/MobileHUDDirectionStick.uexp" 463
"../../../Engine/Content/MobileResources/HUD/T_Castle_ThumbstickInner.uasset" 464
"../../../Engine/Content/MobileResources/HUD/T_Castle_ThumbstickInner.uexp" 465
"../../../Engine/Content/MobileResources/HUD/T_Castle_ThumbstickOutter.uasset" 466
"../../../Engine/Content/MobileResources/HUD/T_Castle_ThumbstickOutter.uexp" 467
"../../../Engine/Content/Tutorial/ContentIntroCurve.uasset" 468
"../../../Engine/Content/Tutorial/ContentIntroCurve.uexp" 469
"../../../Engine/Content/Tutorial/BlueprintTutorials/TutorialAssets/Blueprint_64x.uasset" 470
"../../../Engine/Content/Tutorial/BlueprintTutorials/TutorialAssets/Blueprint_64x.uexp" 471
"../../../Engine/Content/VREditor/TransformGizmo/TranslucentTransformGizmoMaterial.uasset" 472
"../../../Engine/Content/VREditor/TransformGizmo/TranslucentTransformGizmoMaterial.uexp" 473
"../../../Engine/Content/VREditor/LaserPointer/VR_LaserPower_01.uasset" 474
"../../../Engine/Content/VREditor/LaserPointer/VR_LaserPower_01.uexp" 475
"../../../Engine/Content/VREditor/LaserPointer/VR_LaserPower_01.ubulk" 476
"../../../Engine/Content/VREditor/TransformGizmo/TransformGizmoMaterial.uasset" 477
"../../../Engine/Content/VREditor/TransformGizmo/TransformGizmoMaterial.uexp" 478
"../../../Engine/Content/VREditor/TransformGizmo/BoundingBoxCorner.uasset" 479
"../../../Engine/Content/VREditor/TransformGizmo/BoundingBoxCorner.uexp" 480
"../../../Engine/Content/VREditor/TransformGizmo/BoundingBoxEdge.uasset" 481
"../../../Engine/Content/VREditor/TransformGizmo/BoundingBoxEdge.uexp" 482
"../../../Engine/Content/VREditor/TransformGizmo/PlaneTranslationHandle.uasset" 483
"../../../Engine/Content/VREditor/TransformGizmo/PlaneTranslationHandle.uexp" 484
"../../../Engine/Content/VREditor/TransformGizmo/Xray.uasset" 485
"../../../Engine/Content/VREditor/TransformGizmo/Xray.uexp" 486
"../../../Engine/Content/VREditor/TransformGizmo/Main.uasset" 487
"../../../Engine/Content/VREditor/TransformGizmo/Main.uexp" 488
"../../../Engine/Content/VREditor/TransformGizmo/SM_Sequencer_Key.uasset" 489
"../../../Engine/Content/VREditor/TransformGizmo/SM_Sequencer_Key.uexp" 490
"../../../Engine/Content/VREditor/TransformGizmo/SM_Sequencer_Node.uasset" 491
"../../../Engine/Content/VREditor/TransformGizmo/SM_Sequencer_Node.uexp" 492
"../../../Engine/Plugins/2D/Paper2D/Content/PlaceholderTextures/DummySpriteTexture.uasset" 493
"../../../Engine/Plugins/2D/Paper2D/Content/PlaceholderTextures/DummySpriteTexture.uexp" 494
"../../../Engine/Plugins/2D/Paper2D/Content/PlaceholderTextures/DummySpriteTexture.ubulk" 495
"../../../Engine/Plugins/2D/Paper2D/Content/DummySprite.uasset" 496
"../../../Engine/Plugins/2D/Paper2D/Content/DummySprite.uexp" 497
"../../../Engine/Plugins/2D/Paper2D/Content/DefaultPaperTerrainMaterial.uasset" 498
"../../../Engine/Plugins/2D/Paper2D/Content/DefaultPaperTerrainMaterial.uexp" 499
"../../../Engine/Plugins/2D/Paper2D/Content/DefaultSpriteMaterial.uasset" 500
"../../../Engine/Plugins/2D/Paper2D/Content/DefaultSpriteMaterial.uexp" 501
"../../../Engine/Plugins/2D/Paper2D/Content/MaskedUnlitSpriteMaterial.uasset" 502
"../../../Engine/Plugins/2D/Paper2D/Content/MaskedUnlitSpriteMaterial.uexp" 503
"../../../Engine/Plugins/2D/Paper2D/Content/OpaqueUnlitSpriteMaterial.uasset" 504
"../../../Engine/Plugins/2D/Paper2D/Content/OpaqueUnlitSpriteMaterial.uexp" 505
"../../../Engine/Content/Functions/Engine_MaterialFunctions02/Utility/VectorLength.uasset" 506
"../../../Engine/Content/Functions/Engine_MaterialFunctions02/Utility/VectorLength.uexp" 507
"../../../Engine/Content/Functions/Engine_MaterialFunctions02/ObjectLocalBounds.uasset" 508
"../../../Engine/Content/Functions/Engine_MaterialFunctions02/ObjectLocalBounds.uexp" 509
"../../../Engine/Content/Functions/Engine_MaterialFunctions02/Utility/BreakOutFloat3Components.uasset" 510
"../../../Engine/Content/Functions/Engine_MaterialFunctions02/Utility/BreakOutFloat3Components.uexp" 511
"../../../Engine/Content/Functions/Engine_MaterialFunctions02/WorldPositionOffset/ObjectScale.uasset" 512
"../../../Engine/Content/Functions/Engine_MaterialFunctions02/WorldPositionOffset/ObjectScale.uexp" 513
"../../../Engine/Plugins/Editor/SpeedTreeImporter/Content/SpeedTree9/UnpackInteger3.uasset" 514
"../../../Engine/Plugins/Editor/SpeedTreeImporter/Content/SpeedTree9/UnpackInteger3.uexp" 515
"../../../Engine/Plugins/Editor/SpeedTreeImporter/Content/SpeedTree9/UnpackDirection.uasset" 516
"../../../Engine/Plugins/Editor/SpeedTreeImporter/Content/SpeedTree9/UnpackDirection.uexp" 517
"../../../Engine/Plugins/Editor/SpeedTreeImporter/Content/SpeedTree9/game_wind_noise.uasset" 518
"../../../Engine/Plugins/Editor/SpeedTreeImporter/Content/SpeedTree9/game_wind_noise.uexp" 519
"../../../Engine/Plugins/Editor/SpeedTreeImporter/Content/SpeedTree9/game_wind_noise.ubulk" 520
"../../../Engine/Content/Functions/Engine_MaterialFunctions02/SafeNormalize.uasset" 521
"../../../Engine/Content/Functions/Engine_MaterialFunctions02/SafeNormalize.uexp" 522
"../../../Engine/Plugins/Editor/SpeedTreeImporter/Content/SpeedTree9/SpeedTreeWindMotion.uasset" 523
"../../../Engine/Plugins/Editor/SpeedTreeImporter/Content/SpeedTree9/SpeedTreeWindMotion.uexp" 524
"../../../Engine/Plugins/Editor/SpeedTreeImporter/Content/SpeedTree9/SpeedTreeBranchMotion.uasset" 525
"../../../Engine/Plugins/Editor/SpeedTreeImporter/Content/SpeedTree9/SpeedTreeBranchMotion.uexp" 526
"../../../Engine/Content/Functions/Engine_MaterialFunctions02/UVs/BoundingBoxBased_0-1_UVW.uasset" 527
"../../../Engine/Content/Functions/Engine_MaterialFunctions02/UVs/BoundingBoxBased_0-1_UVW.uexp" 528
"../../../Engine/Plugins/Editor/SpeedTreeImporter/Content/SpeedTree9/SpeedTreeWind.uasset" 529
"../../../Engine/Plugins/Editor/SpeedTreeImporter/Content/SpeedTree9/SpeedTreeWind.uexp" 530
"../../../Engine/Plugins/Editor/SpeedTreeImporter/Content/SpeedTree9/SpeedTreeBillboard.uasset" 531
"../../../Engine/Plugins/Editor/SpeedTreeImporter/Content/SpeedTree9/SpeedTreeBillboard.uexp" 532
"../../../Engine/Plugins/Editor/SpeedTreeImporter/Content/SpeedTree9/EmptyNormal.uasset" 533
"../../../Engine/Plugins/Editor/SpeedTreeImporter/Content/SpeedTree9/EmptyNormal.uexp" 534
"../../../Engine/Plugins/Editor/SpeedTreeImporter/Content/SpeedTree9/Empty.uasset" 535
"../../../Engine/Plugins/Editor/SpeedTreeImporter/Content/SpeedTree9/Empty.uexp" 536
"../../../Engine/Plugins/Editor/SpeedTreeImporter/Content/SpeedTree9/SpeedTreeBillboardMaster.uasset" 537
"../../../Engine/Plugins/Editor/SpeedTreeImporter/Content/SpeedTree9/SpeedTreeBillboardMaster.uexp" 538
"../../../Engine/Plugins/Editor/SpeedTreeImporter/Content/SpeedTree9/SpeedTreeCameraFacing.uasset" 539
"../../../Engine/Plugins/Editor/SpeedTreeImporter/Content/SpeedTree9/SpeedTreeCameraFacing.uexp" 540
"../../../Engine/Plugins/Editor/SpeedTreeImporter/Content/SpeedTree9/SpeedTreeMaster.uasset" 541
"../../../Engine/Plugins/Editor/SpeedTreeImporter/Content/SpeedTree9/SpeedTreeMaster.uexp" 542
"../../../Engine/Content/ArtTools/RenderToTexture/Materials/Debug/M_Emissive_Color.uasset" 543
"../../../Engine/Content/ArtTools/RenderToTexture/Materials/Debug/M_Emissive_Color.uexp" 544
"../../../Engine/Content/BasicShapes/Cylinder.uasset" 545
"../../../Engine/Content/BasicShapes/Cylinder.uexp" 546
"../../../Engine/Plugins/Lumin/MagicLeapPassableWorld/Content/MagicLeapARPinInfoActor.uasset" 547
"../../../Engine/Plugins/Lumin/MagicLeapPassableWorld/Content/MagicLeapARPinInfoActor.uexp" 548
"../../../Engine/Plugins/Runtime/OpenXR/Content/Devices/GoogleDaydream/MRTexture.uasset" 549
"../../../Engine/Plugins/Runtime/OpenXR/Content/Devices/GoogleDaydream/MRTexture.uexp" 550
"../../../Engine/Plugins/Runtime/OpenXR/Content/Devices/GoogleDaydream/MRTexture.ubulk" 551
"../../../Engine/Plugins/Runtime/OpenXR/Content/Devices/GoogleDaydream/BaseTexture.uasset" 552
"../../../Engine/Plugins/Runtime/OpenXR/Content/Devices/GoogleDaydream/BaseTexture.uexp" 553
"../../../Engine/Plugins/Runtime/OpenXR/Content/Devices/GoogleDaydream/BaseTexture.ubulk" 554
"../../../Engine/Content/EngineResources/Black.uasset" 555
"../../../Engine/Content/EngineResources/Black.uexp" 556
"../../../Engine/Plugins/Runtime/OpenXR/Content/Devices/M_XRController.uasset" 557
"../../../Engine/Plugins/Runtime/OpenXR/Content/Devices/M_XRController.uexp" 558
"../../../Engine/Plugins/Runtime/OpenXR/Content/Devices/GoogleDaydream/MI_GoogleDaydream.uasset" 559
"../../../Engine/Plugins/Runtime/OpenXR/Content/Devices/GoogleDaydream/MI_GoogleDaydream.uexp" 560
"../../../Engine/Plugins/Runtime/OpenXR/Content/Devices/GoogleDaydream/GoogleDaydreamController.uasset" 561
"../../../Engine/Plugins/Runtime/OpenXR/Content/Devices/GoogleDaydream/GoogleDaydreamController.uexp" 562
"../../../Engine/Plugins/Runtime/OpenXR/Content/Devices/HTCVive/BaseTexture.uasset" 563
"../../../Engine/Plugins/Runtime/OpenXR/Content/Devices/HTCVive/BaseTexture.uexp" 564
"../../../Engine/Plugins/Runtime/OpenXR/Content/Devices/HTCVive/BaseTexture.ubulk" 565
"../../../Engine/Plugins/Runtime/OpenXR/Content/Devices/HTCVive/MI_HTCVive.uasset" 566
"../../../Engine/Plugins/Runtime/OpenXR/Content/Devices/HTCVive/MI_HTCVive.uexp" 567
"../../../Engine/Plugins/Runtime/OpenXR/Content/Devices/HTCVive/HTCViveController.uasset" 568
"../../../Engine/Plugins/Runtime/OpenXR/Content/Devices/HTCVive/HTCViveController.uexp" 569
"../../../Engine/Plugins/Runtime/OpenXR/Content/Devices/MicrosoftMixedReality/NormalTexture.uasset" 570
"../../../Engine/Plugins/Runtime/OpenXR/Content/Devices/MicrosoftMixedReality/NormalTexture.uexp" 571
"../../../Engine/Plugins/Runtime/OpenXR/Content/Devices/MicrosoftMixedReality/NormalTexture.ubulk" 572
"../../../Engine/Plugins/Runtime/OpenXR/Content/Devices/MicrosoftMixedReality/MRTexture.uasset" 573
"../../../Engine/Plugins/Runtime/OpenXR/Content/Devices/MicrosoftMixedReality/MRTexture.uexp" 574
"../../../Engine/Plugins/Runtime/OpenXR/Content/Devices/MicrosoftMixedReality/MRTexture.ubulk" 575
"../../../Engine/Plugins/Runtime/OpenXR/Content/Devices/MicrosoftMixedReality/EmissiveTexture.uasset" 576
"../../../Engine/Plugins/Runtime/OpenXR/Content/Devices/MicrosoftMixedReality/EmissiveTexture.uexp" 577
"../../../Engine/Plugins/Runtime/OpenXR/Content/Devices/MicrosoftMixedReality/EmissiveTexture.ubulk" 578
"../../../Engine/Plugins/Runtime/OpenXR/Content/Devices/MicrosoftMixedReality/BaseTexture.uasset" 579
"../../../Engine/Plugins/Runtime/OpenXR/Content/Devices/MicrosoftMixedReality/BaseTexture.uexp" 580
"../../../Engine/Plugins/Runtime/OpenXR/Content/Devices/MicrosoftMixedReality/BaseTexture.ubulk" 581
"../../../Engine/Plugins/Runtime/OpenXR/Content/Devices/MicrosoftMixedReality/MI_MicrosoftMixedReality.uasset" 582
"../../../Engine/Plugins/Runtime/OpenXR/Content/Devices/MicrosoftMixedReality/MI_MicrosoftMixedReality.uexp" 583
"../../../Engine/Plugins/Runtime/OpenXR/Content/Devices/MicrosoftMixedReality/Left/left_MicrosoftMixedRealityController.uasset" 584
"../../../Engine/Plugins/Runtime/OpenXR/Content/Devices/MicrosoftMixedReality/Left/left_MicrosoftMixedRealityController.uexp" 585
"../../../Engine/Plugins/Runtime/OpenXR/Content/Devices/MicrosoftMixedReality/Right/right_MicrosoftMixedRealityController.uasset" 586
"../../../Engine/Plugins/Runtime/OpenXR/Content/Devices/MicrosoftMixedReality/Right/right_MicrosoftMixedRealityController.uexp" 587
"../../../Engine/Plugins/Runtime/OpenXR/Content/Devices/OculusGo/BaseTexture.uasset" 588
"../../../Engine/Plugins/Runtime/OpenXR/Content/Devices/OculusGo/BaseTexture.uexp" 589
"../../../Engine/Plugins/Runtime/OpenXR/Content/Devices/OculusGo/BaseTexture.ubulk" 590
"../../../Engine/Plugins/Runtime/OpenXR/Content/Devices/OculusGo/MI_OculusGo.uasset" 591
"../../../Engine/Plugins/Runtime/OpenXR/Content/Devices/OculusGo/MI_OculusGo.uexp" 592
"../../../Engine/Plugins/Runtime/OpenXR/Content/Devices/OculusGo/OculusGoController.uasset" 593
"../../../Engine/Plugins/Runtime/OpenXR/Content/Devices/OculusGo/OculusGoController.uexp" 594
"../../../Engine/Plugins/Runtime/OpenXR/Content/Devices/OculusTouch/MRTexture.uasset" 595
"../../../Engine/Plugins/Runtime/OpenXR/Content/Devices/OculusTouch/MRTexture.uexp" 596
"../../../Engine/Plugins/Runtime/OpenXR/Content/Devices/OculusTouch/MRTexture.ubulk" 597
"../../../Engine/Plugins/Runtime/OpenXR/Content/Devices/OculusTouch/BaseTexture.uasset" 598
"../../../Engine/Plugins/Runtime/OpenXR/Content/Devices/OculusTouch/BaseTexture.uexp" 599
"../../../Engine/Plugins/Runtime/OpenXR/Content/Devices/OculusTouch/BaseTexture.ubulk" 600
"../../../Engine/Plugins/Runtime/OpenXR/Content/Devices/OculusTouch/MI_OculusTouch.uasset" 601
"../../../Engine/Plugins/Runtime/OpenXR/Content/Devices/OculusTouch/MI_OculusTouch.uexp" 602
"../../../Engine/Plugins/Runtime/OpenXR/Content/Devices/OculusTouch/Left/left_OculusTouchController.uasset" 603
"../../../Engine/Plugins/Runtime/OpenXR/Content/Devices/OculusTouch/Left/left_OculusTouchController.uexp" 604
"../../../Engine/Plugins/Runtime/OpenXR/Content/Devices/OculusTouch/Right/right_OculusTouchController.uasset" 605
"../../../Engine/Plugins/Runtime/OpenXR/Content/Devices/OculusTouch/Right/right_OculusTouchController.uexp" 606
"../../../Engine/Plugins/Runtime/OpenXR/Content/Devices/OculusTouch_v2/MRTexture.uasset" 607
"../../../Engine/Plugins/Runtime/OpenXR/Content/Devices/OculusTouch_v2/MRTexture.uexp" 608
"../../../Engine/Plugins/Runtime/OpenXR/Content/Devices/OculusTouch_v2/MRTexture.ubulk" 609
"../../../Engine/Plugins/Runtime/OpenXR/Content/Devices/OculusTouch_v2/BaseTexture.uasset" 610
"../../../Engine/Plugins/Runtime/OpenXR/Content/Devices/OculusTouch_v2/BaseTexture.uexp" 611
"../../../Engine/Plugins/Runtime/OpenXR/Content/Devices/OculusTouch_v2/BaseTexture.ubulk" 612
"../../../Engine/Plugins/Runtime/OpenXR/Content/Devices/OculusTouch_v2/MI_OculusTouch_v2.uasset" 613
"../../../Engine/Plugins/Runtime/OpenXR/Content/Devices/OculusTouch_v2/MI_OculusTouch_v2.uexp" 614
"../../../Engine/Plugins/Runtime/OpenXR/Content/Devices/OculusTouch_v2/Left/left_OculusTouch_v2Controller.uasset" 615
"../../../Engine/Plugins/Runtime/OpenXR/Content/Devices/OculusTouch_v2/Left/left_OculusTouch_v2Controller.uexp" 616
"../../../Engine/Plugins/Runtime/OpenXR/Content/Devices/OculusTouch_v2/Right/right_OculusTouch_v2Controller.uasset" 617
"../../../Engine/Plugins/Runtime/OpenXR/Content/Devices/OculusTouch_v2/Right/right_OculusTouch_v2Controller.uexp" 618
"../../../Engine/Plugins/Runtime/OpenXR/Content/Devices/OculusTouch_v3/MRTexture.uasset" 619
"../../../Engine/Plugins/Runtime/OpenXR/Content/Devices/OculusTouch_v3/MRTexture.uexp" 620
"../../../Engine/Plugins/Runtime/OpenXR/Content/Devices/OculusTouch_v3/MRTexture.ubulk" 621
"../../../Engine/Plugins/Runtime/OpenXR/Content/Devices/OculusTouch_v3/BaseTexture.uasset" 622
"../../../Engine/Plugins/Runtime/OpenXR/Content/Devices/OculusTouch_v3/BaseTexture.uexp" 623
"../../../Engine/Plugins/Runtime/OpenXR/Content/Devices/OculusTouch_v3/BaseTexture.ubulk" 624
"../../../Engine/Plugins/Runtime/OpenXR/Content/Devices/OculusTouch_v3/MI_OculusTouch_v3.uasset" 625
"../../../Engine/Plugins/Runtime/OpenXR/Content/Devices/OculusTouch_v3/MI_OculusTouch_v3.uexp" 626
"../../../Engine/Plugins/Runtime/OpenXR/Content/Devices/OculusTouch_v3/Left/left_OculusTouch_v3Controller.uasset" 627
"../../../Engine/Plugins/Runtime/OpenXR/Content/Devices/OculusTouch_v3/Left/left_OculusTouch_v3Controller.uexp" 628
"../../../Engine/Plugins/Runtime/OpenXR/Content/Devices/OculusTouch_v3/Right/right_OculusTouch_v3Controller.uasset" 629
"../../../Engine/Plugins/Runtime/OpenXR/Content/Devices/OculusTouch_v3/Right/right_OculusTouch_v3Controller.uexp" 630
"../../../Engine/Plugins/Runtime/OpenXR/Content/Devices/ValveIndex/MRTexture.uasset" 631
"../../../Engine/Plugins/Runtime/OpenXR/Content/Devices/ValveIndex/MRTexture.uexp" 632
"../../../Engine/Plugins/Runtime/OpenXR/Content/Devices/ValveIndex/MRTexture.ubulk" 633
"../../../Engine/Plugins/Runtime/OpenXR/Content/Devices/ValveIndex/BaseTexture.uasset" 634
"../../../Engine/Plugins/Runtime/OpenXR/Content/Devices/ValveIndex/BaseTexture.uexp" 635
"../../../Engine/Plugins/Runtime/OpenXR/Content/Devices/ValveIndex/BaseTexture.ubulk" 636
"../../../Engine/Plugins/Runtime/OpenXR/Content/Devices/ValveIndex/Left/MI_left_ValveIndex.uasset" 637
"../../../Engine/Plugins/Runtime/OpenXR/Content/Devices/ValveIndex/Left/MI_left_ValveIndex.uexp" 638
"../../../Engine/Plugins/Runtime/OpenXR/Content/Devices/ValveIndex/Left/left_ValveIndexController.uasset" 639
"../../../Engine/Plugins/Runtime/OpenXR/Content/Devices/ValveIndex/Left/left_ValveIndexController.uexp" 640
"../../../Engine/Plugins/Runtime/OpenXR/Content/Devices/ValveIndex/Right/MI_right_ValveIndex.uasset" 641
"../../../Engine/Plugins/Runtime/OpenXR/Content/Devices/ValveIndex/Right/MI_right_ValveIndex.uexp" 642
"../../../Engine/Plugins/Runtime/OpenXR/Content/Devices/ValveIndex/Right/right_ValveIndexController.uasset" 643
"../../../Engine/Plugins/Runtime/OpenXR/Content/Devices/ValveIndex/Right/right_ValveIndexController.uexp" 644
"../../../Engine/Content/Functions/Engine_MaterialFunctions02/Utility/MakeFloat3.uasset" 645
"../../../Engine/Content/Functions/Engine_MaterialFunctions02/Utility/MakeFloat3.uexp" 646
"../../../Engine/Content/Functions/Engine_MaterialFunctions02/Utility/BreakOutFloat4Components.uasset" 647
"../../../Engine/Content/Functions/Engine_MaterialFunctions02/Utility/BreakOutFloat4Components.uexp" 648
"../../../Engine/Plugins/Runtime/Oculus/OculusVR/Content/Materials/OculusMR_ChromaKey.uasset" 649
"../../../Engine/Plugins/Runtime/Oculus/OculusVR/Content/Materials/OculusMR_ChromaKey.uexp" 650
"../../../Engine/Plugins/Runtime/Oculus/OculusVR/Content/Materials/OculusMR_OpaqueColoredMaterial.uasset" 651
"../../../Engine/Plugins/Runtime/Oculus/OculusVR/Content/Materials/OculusMR_OpaqueColoredMaterial.uexp" 652
"../../../Engine/Plugins/Runtime/Oculus/OculusVR/Content/Materials/PokeAHoleMaterial.uasset" 653
"../../../Engine/Plugins/Runtime/Oculus/OculusVR/Content/Materials/PokeAHoleMaterial.uexp" 654
"../../../Engine/Plugins/Runtime/Oculus/OculusVR/Content/Textures/touchController_controlmap.uasset" 655
"../../../Engine/Plugins/Runtime/Oculus/OculusVR/Content/Textures/touchController_controlmap.uexp" 656
"../../../Engine/Plugins/Runtime/Oculus/OculusVR/Content/Textures/touchController_controlmap.ubulk" 657
"../../../Engine/Plugins/Runtime/Oculus/OculusVR/Content/Textures/touchController_albedo.uasset" 658
"../../../Engine/Plugins/Runtime/Oculus/OculusVR/Content/Textures/touchController_albedo.uexp" 659
"../../../Engine/Plugins/Runtime/Oculus/OculusVR/Content/Textures/touchController_albedo.ubulk" 660
"../../../Engine/Plugins/Runtime/Oculus/OculusVR/Content/Materials/touchController_mat.uasset" 661
"../../../Engine/Plugins/Runtime/Oculus/OculusVR/Content/Materials/touchController_mat.uexp" 662
"../../../Engine/Plugins/Runtime/Oculus/OculusVR/Content/Meshes/LeftTouchController.uasset" 663
"../../../Engine/Plugins/Runtime/Oculus/OculusVR/Content/Meshes/LeftTouchController.uexp" 664
"../../../Engine/Plugins/Runtime/Oculus/OculusVR/Content/Textures/TouchForQuestRiftSController_albedo.uasset" 665
"../../../Engine/Plugins/Runtime/Oculus/OculusVR/Content/Textures/TouchForQuestRiftSController_albedo.uexp" 666
"../../../Engine/Plugins/Runtime/Oculus/OculusVR/Content/Textures/TouchForQuestRiftSController_albedo.ubulk" 667
"../../../Engine/Plugins/Runtime/Oculus/OculusVR/Content/Materials/TouchForQuestRiftSControllerMaterial.uasset" 668
"../../../Engine/Plugins/Runtime/Oculus/OculusVR/Content/Materials/TouchForQuestRiftSControllerMaterial.uexp" 669
"../../../Engine/Plugins/Runtime/Oculus/OculusVR/Content/Meshes/LeftTouchForQuestRiftSController.uasset" 670
"../../../Engine/Plugins/Runtime/Oculus/OculusVR/Content/Meshes/LeftTouchForQuestRiftSController.uexp" 671
"../../../Engine/Plugins/Runtime/Oculus/OculusVR/Content/Meshes/RiftHMD.uasset" 672
"../../../Engine/Plugins/Runtime/Oculus/OculusVR/Content/Meshes/RiftHMD.uexp" 673
"../../../Engine/Plugins/Runtime/Oculus/OculusVR/Content/Meshes/RightTouchController.uasset" 674
"../../../Engine/Plugins/Runtime/Oculus/OculusVR/Content/Meshes/RightTouchController.uexp" 675
"../../../Engine/Plugins/Runtime/Oculus/OculusVR/Content/Meshes/RightTouchForQuestRiftSController.uasset" 676
"../../../Engine/Plugins/Runtime/Oculus/OculusVR/Content/Meshes/RightTouchForQuestRiftSController.uexp" 677
"C:/Users/linki/Documents/UNIVERSIDAD/10mo semestre/Aplicaciones 3d/2do Corte/Juego Ballena/BallenaNueva/Content/ThirdPersonBP/Nivel2/Modelos/Rocas/rocks1Color.uasset" 678
"C:/Users/linki/Documents/UNIVERSIDAD/10mo semestre/Aplicaciones 3d/2do Corte/Juego Ballena/BallenaNueva/Content/ThirdPersonBP/Nivel2/Modelos/Rocas/rocks1Color.uexp" 679
"C:/Users/linki/Documents/UNIVERSIDAD/10mo semestre/Aplicaciones 3d/2do Corte/Juego Ballena/BallenaNueva/Content/ThirdPersonBP/Nivel2/Modelos/Rocas/rocks1Color.ubulk" 680
"C:/Users/linki/Documents/UNIVERSIDAD/10mo semestre/Aplicaciones 3d/2do Corte/Juego Ballena/BallenaNueva/Content/ThirdPersonBP/Nivel2/Modelos/Rocas/lambert2SG.uasset" 681
"C:/Users/linki/Documents/UNIVERSIDAD/10mo semestre/Aplicaciones 3d/2do Corte/Juego Ballena/BallenaNueva/Content/ThirdPersonBP/Nivel2/Modelos/Rocas/lambert2SG.uexp" 682
"C:/Users/linki/Documents/UNIVERSIDAD/10mo semestre/Aplicaciones 3d/2do Corte/Juego Ballena/BallenaNueva/Content/ThirdPersonBP/Nivel2/Modelos/Rocas/rocas.uasset" 683
"C:/Users/linki/Documents/UNIVERSIDAD/10mo semestre/Aplicaciones 3d/2do Corte/Juego Ballena/BallenaNueva/Content/ThirdPersonBP/Nivel2/Modelos/Rocas/rocas.uexp" 684
"C:/Users/linki/Documents/UNIVERSIDAD/10mo semestre/Aplicaciones 3d/2do Corte/Juego Ballena/BallenaNueva/Content/ThirdPersonBP/Nivel2/Modelos/Rocas/masrocas/rock.uasset" 685
"C:/Users/linki/Documents/UNIVERSIDAD/10mo semestre/Aplicaciones 3d/2do Corte/Juego Ballena/BallenaNueva/Content/ThirdPersonBP/Nivel2/Modelos/Rocas/masrocas/rock.uexp" 686
"C:/Users/linki/Documents/UNIVERSIDAD/10mo semestre/Aplicaciones 3d/2do Corte/Juego Ballena/BallenaNueva/Content/ThirdPersonBP/Nivel2/Modelos/Rocas/masrocas/Mas_rocas_small_rock_08.uasset" 687
"C:/Users/linki/Documents/UNIVERSIDAD/10mo semestre/Aplicaciones 3d/2do Corte/Juego Ballena/BallenaNueva/Content/ThirdPersonBP/Nivel2/Modelos/Rocas/masrocas/Mas_rocas_small_rock_08.uexp" 688
"C:/Users/linki/Documents/UNIVERSIDAD/10mo semestre/Aplicaciones 3d/2do Corte/Juego Ballena/BallenaNueva/Content/ThirdPersonBP/Nivel2/Modelos/Rocas/masrocas/Mas_rocas_small_rock_07.uasset" 689
"C:/Users/linki/Documents/UNIVERSIDAD/10mo semestre/Aplicaciones 3d/2do Corte/Juego Ballena/BallenaNueva/Content/ThirdPersonBP/Nivel2/Modelos/Rocas/masrocas/Mas_rocas_small_rock_07.uexp" 690
"C:/Users/linki/Documents/UNIVERSIDAD/10mo semestre/Aplicaciones 3d/2do Corte/Juego Ballena/BallenaNueva/Content/ThirdPersonBP/Nivel2/Modelos/Rocas/masrocas/Mas_rocas_small_rock_06.uasset" 691
"C:/Users/linki/Documents/UNIVERSIDAD/10mo semestre/Aplicaciones 3d/2do Corte/Juego Ballena/BallenaNueva/Content/ThirdPersonBP/Nivel2/Modelos/Rocas/masrocas/Mas_rocas_small_rock_06.uexp" 692
"C:/Users/linki/Documents/UNIVERSIDAD/10mo semestre/Aplicaciones 3d/2do Corte/Juego Ballena/BallenaNueva/Content/ThirdPersonBP/Nivel2/Modelos/Rocas/masrocas/Mas_rocas_small_rock_05.uasset" 693
"C:/Users/linki/Documents/UNIVERSIDAD/10mo semestre/Aplicaciones 3d/2do Corte/Juego Ballena/BallenaNueva/Content/ThirdPersonBP/Nivel2/Modelos/Rocas/masrocas/Mas_rocas_small_rock_05.uexp" 694
"C:/Users/linki/Documents/UNIVERSIDAD/10mo semestre/Aplicaciones 3d/2do Corte/Juego Ballena/BallenaNueva/Content/ThirdPersonBP/Nivel2/Modelos/Rocas/masrocas/Mas_rocas_small_rock_04.uasset" 695
"C:/Users/linki/Documents/UNIVERSIDAD/10mo semestre/Aplicaciones 3d/2do Corte/Juego Ballena/BallenaNueva/Content/ThirdPersonBP/Nivel2/Modelos/Rocas/masrocas/Mas_rocas_small_rock_04.uexp" 696
"C:/Users/linki/Documents/UNIVERSIDAD/10mo semestre/Aplicaciones 3d/2do Corte/Juego Ballena/BallenaNueva/Content/ThirdPersonBP/Nivel2/Modelos/Rocas/masrocas/Mas_rocas_small_rock_03.uasset" 697
"C:/Users/linki/Documents/UNIVERSIDAD/10mo semestre/Aplicaciones 3d/2do Corte/Juego Ballena/BallenaNueva/Content/ThirdPersonBP/Nivel2/Modelos/Rocas/masrocas/Mas_rocas_small_rock_03.uexp" 698
"C:/Users/linki/Documents/UNIVERSIDAD/10mo semestre/Aplicaciones 3d/2do Corte/Juego Ballena/BallenaNueva/Content/ThirdPersonBP/Nivel2/Modelos/Rocas/masrocas/Mas_rocas_small_rock_02.uasset" 699
"C:/Users/linki/Documents/UNIVERSIDAD/10mo semestre/Aplicaciones 3d/2do Corte/Juego Ballena/BallenaNueva/Content/ThirdPersonBP/Nivel2/Modelos/Rocas/masrocas/Mas_rocas_small_rock_02.uexp" 700
"C:/Users/linki/Documents/UNIVERSIDAD/10mo semestre/Aplicaciones 3d/2do Corte/Juego Ballena/BallenaNueva/Content/ThirdPersonBP/Nivel2/Modelos/Rocas/masrocas/Mas_rocas_small_rock_01.uasset" 701
"C:/Users/linki/Documents/UNIVERSIDAD/10mo semestre/Aplicaciones 3d/2do Corte/Juego Ballena/BallenaNueva/Content/ThirdPersonBP/Nivel2/Modelos/Rocas/masrocas/Mas_rocas_small_rock_01.uexp" 702
"C:/Users/linki/Documents/UNIVERSIDAD/10mo semestre/Aplicaciones 3d/2do Corte/Juego Ballena/BallenaNueva/Content/ThirdPersonBP/Nivel2/Modelos/Rocas/masrocas/Mas_rocas_big_rock_05.uasset" 703
"C:/Users/linki/Documents/UNIVERSIDAD/10mo semestre/Aplicaciones 3d/2do Corte/Juego Ballena/BallenaNueva/Content/ThirdPersonBP/Nivel2/Modelos/Rocas/masrocas/Mas_rocas_big_rock_05.uexp" 704
"C:/Users/linki/Documents/UNIVERSIDAD/10mo semestre/Aplicaciones 3d/2do Corte/Juego Ballena/BallenaNueva/Content/ThirdPersonBP/Nivel2/Modelos/Rocas/masrocas/Mas_rocas_big_rock_04.uasset" 705
"C:/Users/linki/Documents/UNIVERSIDAD/10mo semestre/Aplicaciones 3d/2do Corte/Juego Ballena/BallenaNueva/Content/ThirdPersonBP/Nivel2/Modelos/Rocas/masrocas/Mas_rocas_big_rock_04.uexp" 706
"C:/Users/linki/Documents/UNIVERSIDAD/10mo semestre/Aplicaciones 3d/2do Corte/Juego Ballena/BallenaNueva/Content/ThirdPersonBP/Nivel2/Modelos/Rocas/masrocas/Mas_rocas_big_rock_03.uasset" 707
"C:/Users/linki/Documents/UNIVERSIDAD/10mo semestre/Aplicaciones 3d/2do Corte/Juego Ballena/BallenaNueva/Content/ThirdPersonBP/Nivel2/Modelos/Rocas/masrocas/Mas_rocas_big_rock_03.uexp" 708
"C:/Users/linki/Documents/UNIVERSIDAD/10mo semestre/Aplicaciones 3d/2do Corte/Juego Ballena/BallenaNueva/Content/ThirdPersonBP/Nivel2/Modelos/Rocas/masrocas/Mas_rocas_big_rock_02.uasset" 709
"C:/Users/linki/Documents/UNIVERSIDAD/10mo semestre/Aplicaciones 3d/2do Corte/Juego Ballena/BallenaNueva/Content/ThirdPersonBP/Nivel2/Modelos/Rocas/masrocas/Mas_rocas_big_rock_02.uexp" 710
"C:/Users/linki/Documents/UNIVERSIDAD/10mo semestre/Aplicaciones 3d/2do Corte/Juego Ballena/BallenaNueva/Content/ThirdPersonBP/Nivel2/Modelos/Rocas/masrocas/Mas_rocas_big_rock_01.uasset" 711
"C:/Users/linki/Documents/UNIVERSIDAD/10mo semestre/Aplicaciones 3d/2do Corte/Juego Ballena/BallenaNueva/Content/ThirdPersonBP/Nivel2/Modelos/Rocas/masrocas/Mas_rocas_big_rock_01.uexp" 712
"C:/Users/linki/Documents/UNIVERSIDAD/10mo semestre/Aplicaciones 3d/2do Corte/Juego Ballena/BallenaNueva/Content/ThirdPersonBP/Maps/Nivel2_BuiltData.uasset" 713
"C:/Users/linki/Documents/UNIVERSIDAD/10mo semestre/Aplicaciones 3d/2do Corte/Juego Ballena/BallenaNueva/Content/ThirdPersonBP/Maps/Nivel2_BuiltData.uexp" 714
"C:/Users/linki/Documents/UNIVERSIDAD/10mo semestre/Aplicaciones 3d/2do Corte/Juego Ballena/BallenaNueva/Content/ThirdPersonBP/Maps/Nivel2_BuiltData.ubulk" 715
"../../../Engine/Content/EngineSky/T_Sky_Stars.uasset" 716
"../../../Engine/Content/EngineSky/T_Sky_Stars.uexp" 717
"../../../Engine/Content/EngineSky/T_Sky_Stars.ubulk" 718
"../../../Engine/Content/EngineSky/T_Sky_Clouds_M.uasset" 719
"../../../Engine/Content/EngineSky/T_Sky_Clouds_M.uexp" 720
"../../../Engine/Content/EngineSky/T_Sky_Clouds_M.ubulk" 721
"../../../Engine/Content/EngineSky/T_Sky_Blue.uasset" 722
"../../../Engine/Content/EngineSky/T_Sky_Blue.uexp" 723
"../../../Engine/Content/EngineSky/T_Sky_Blue.ubulk" 724
"../../../Engine/Content/EngineSky/M_Sky_Panning_Clouds2.uasset" 725
"../../../Engine/Content/EngineSky/M_Sky_Panning_Clouds2.uexp" 726
"../../../Engine/Content/EngineSky/SM_SkySphere.uasset" 727
"../../../Engine/Content/EngineSky/SM_SkySphere.uexp" 728
"../../../Engine/Content/EngineSky/BP_Sky_Sphere.uasset" 729
"../../../Engine/Content/EngineSky/BP_Sky_Sphere.uexp" 730
"C:/Users/linki/Documents/UNIVERSIDAD/10mo semestre/Aplicaciones 3d/2do Corte/Juego Ballena/BallenaNueva/Content/Runnerfiles/Meshes/Escenario/2/tbjibefn_2K_Albedo.uasset" 731
"C:/Users/linki/Documents/UNIVERSIDAD/10mo semestre/Aplicaciones 3d/2do Corte/Juego Ballena/BallenaNueva/Content/Runnerfiles/Meshes/Escenario/2/tbjibefn_2K_Albedo.uexp" 732
"C:/Users/linki/Documents/UNIVERSIDAD/10mo semestre/Aplicaciones 3d/2do Corte/Juego Ballena/BallenaNueva/Content/Runnerfiles/Meshes/Escenario/2/tbjibefn_2K_Albedo.ubulk" 733
"C:/Users/linki/Documents/UNIVERSIDAD/10mo semestre/Aplicaciones 3d/2do Corte/Juego Ballena/BallenaNueva/Content/Runnerfiles/Meshes/Escenario/2/pasted__pPlane1Mat.uasset" 734
"C:/Users/linki/Documents/UNIVERSIDAD/10mo semestre/Aplicaciones 3d/2do Corte/Juego Ballena/BallenaNueva/Content/Runnerfiles/Meshes/Escenario/2/pasted__pPlane1Mat.uexp" 735
"C:/Users/linki/Documents/UNIVERSIDAD/10mo semestre/Aplicaciones 3d/2do Corte/Juego Ballena/BallenaNueva/Content/Runnerfiles/Meshes/Escenario/2/Escenario_2.uasset" 736
"C:/Users/linki/Documents/UNIVERSIDAD/10mo semestre/Aplicaciones 3d/2do Corte/Juego Ballena/BallenaNueva/Content/Runnerfiles/Meshes/Escenario/2/Escenario_2.uexp" 737
"C:/Users/linki/Documents/UNIVERSIDAD/10mo semestre/Aplicaciones 3d/2do Corte/Juego Ballena/BallenaNueva/Content/ThirdPersonBP/Maps/Nivel2.uexp" 738
"C:/Users/linki/Documents/UNIVERSIDAD/10mo semestre/Aplicaciones 3d/2do Corte/Juego Ballena/BallenaNueva/Content/ThirdPersonBP/Maps/Nivel2.umap" 739
"../../../Engine/Content/Maps/Entry_BuiltData.uasset" 740
"../../../Engine/Content/Maps/Entry_BuiltData.uexp" 741
"../../../Engine/Content/Maps/Entry.uexp" 742
"../../../Engine/Content/Maps/Entry.umap" 743
